# JRE version: Java(TM) SE Runtime Environment (8.0_231-b11) (build 1.8.0_231-b11)
# Java VM: Java HotSpot(TM) 64-Bit Server VM (25.231-b11 mixed mode linux-amd64 compressed oops)
Heap:
 PSYoungGen      total 1053696K, used 78260K [0x0000000715580000, 0x000000075af00000, 0x00000007c0000000)
  eden space 1037824K, 6% used [0x0000000715580000,0x00000007192e88e8,0x0000000754b00000)
  from space 15872K, 96% used [0x0000000757500000,0x00000007584047e8,0x0000000758480000)
  to   space 43520K, 0% used [0x0000000758480000,0x0000000758480000,0x000000075af00000)
 ParOldGen       total 699392K, used 204490K [0x00000005c0000000, 0x00000005eab00000, 0x0000000715580000)
  object space 699392K, 29% used [0x00000005c0000000,0x00000005cc7b2b48,0x00000005eab00000)
 Metaspace       used 10533K, capacity 10709K, committed 10880K, reserved 1058816K
  class space    used 1049K, capacity 1127K, committed 1152K, reserved 1048576K
GC Heap History (10 events):
Event: 7.256 GC heap before
{Heap before GC invocations=14 (full 1):
 PSYoungGen      total 771072K, used 770684K [0x0000000715580000, 0x0000000756b00000, 0x00000007c0000000)
  eden space 745984K, 100% used [0x0000000715580000,0x0000000742e00000,0x0000000742e00000)
  from space 25088K, 98% used [0x0000000755280000,0x0000000756a9f3b8,0x0000000756b00000)
  to   space 58880K, 0% used [0x000000074f800000,0x000000074f800000,0x0000000753180000)
 ParOldGen       total 699392K, used 107843K [0x00000005c0000000, 0x00000005eab00000, 0x0000000715580000)
  object space 699392K, 15% used [0x00000005c0000000,0x00000005c6950d68,0x00000005eab00000)
 Metaspace       used 10488K, capacity 10677K, committed 10880K, reserved 1058816K
  class space    used 1043K, capacity 1095K, committed 1152K, reserved 1048576K
Event: 7.264 GC heap after
Heap after GC invocations=14 (full 1):
 PSYoungGen      total 727552K, used 18279K [0x0000000715580000, 0x0000000755300000, 0x00000007c0000000)
  eden space 709120K, 0% used [0x0000000715580000,0x0000000715580000,0x0000000740a00000)
  from space 18432K, 99% used [0x000000074f800000,0x00000007509d9e18,0x0000000750a00000)
  to   space 57344K, 0% used [0x0000000751b00000,0x0000000751b00000,0x0000000755300000)
 ParOldGen       total 699392K, used 131701K [0x00000005c0000000, 0x00000005eab00000, 0x0000000715580000)
  object space 699392K, 18% used [0x00000005c0000000,0x00000005c809d5f0,0x00000005eab00000)
 Metaspace       used 10488K, capacity 10677K, committed 10880K, reserved 1058816K
  class space    used 1043K, capacity 1095K, committed 1152K, reserved 1048576K
}
Event: 7.927 GC heap before
{Heap before GC invocations=15 (full 1):
 PSYoungGen      total 727552K, used 727399K [0x0000000715580000, 0x0000000755300000, 0x00000007c0000000)
  eden space 709120K, 100% used [0x0000000715580000,0x0000000740a00000,0x0000000740a00000)
  from space 18432K, 99% used [0x000000074f800000,0x00000007509d9e18,0x0000000750a00000)
  to   space 57344K, 0% used [0x0000000751b00000,0x0000000751b00000,0x0000000755300000)
 ParOldGen       total 699392K, used 131704K [0x00000005c0000000, 0x00000005eab00000, 0x0000000715580000)
  object space 699392K, 18% used [0x00000005c0000000,0x00000005c809e3a0,0x00000005eab00000)
 Metaspace       used 10488K, capacity 10677K, committed 10880K, reserved 1058816K
  class space    used 1043K, capacity 1095K, committed 1152K, reserved 1048576K
Event: 7.935 GC heap after
Heap after GC invocations=15 (full 1):
 PSYoungGen      total 693248K, used 19026K [0x0000000715580000, 0x0000000752e00000, 0x00000007c0000000)
  eden space 673792K, 0% used [0x0000000715580000,0x0000000715580000,0x000000073e780000)
  from space 19456K, 97% used [0x0000000751b00000,0x0000000752d948d8,0x0000000752e00000)
  to   space 55808K, 0% used [0x000000074c100000,0x000000074c100000,0x000000074f780000)
 ParOldGen       total 699392K, used 149484K [0x00000005c0000000, 0x00000005eab00000, 0x0000000715580000)
  object space 699392K, 21% used [0x00000005c0000000,0x00000005c91fb270,0x00000005eab00000)
 Metaspace       used 10488K, capacity 10677K, committed 10880K, reserved 1058816K
  class space    used 1043K, capacity 1095K, committed 1152K, reserved 1048576K
}
Event: 8.508 GC heap before
{Heap before GC invocations=16 (full 1):
 PSYoungGen      total 693248K, used 692818K [0x0000000715580000, 0x0000000752e00000, 0x00000007c0000000)
  eden space 673792K, 100% used [0x0000000715580000,0x000000073e780000,0x000000073e780000)
  from space 19456K, 97% used [0x0000000751b00000,0x0000000752d948d8,0x0000000752e00000)
  to   space 55808K, 0% used [0x000000074c100000,0x000000074c100000,0x000000074f780000)
 ParOldGen       total 699392K, used 149484K [0x00000005c0000000, 0x00000005eab00000, 0x0000000715580000)
  object space 699392K, 21% used [0x00000005c0000000,0x00000005c91fb270,0x00000005eab00000)
 Metaspace       used 10488K, capacity 10677K, committed 10880K, reserved 1058816K
  class space    used 1043K, capacity 1095K, committed 1152K, reserved 1048576K
Event: 8.514 GC heap after
Heap after GC invocations=16 (full 1):
 PSYoungGen      total 952320K, used 16214K [0x0000000715580000, 0x000000075dd80000, 0x00000007c0000000)
  eden space 896512K, 0% used [0x0000000715580000,0x0000000715580000,0x000000074c100000)
  from space 55808K, 29% used [0x000000074c100000,0x000000074d0d58e0,0x000000074f780000)
  to   space 54784K, 0% used [0x000000075a800000,0x000000075a800000,0x000000075dd80000)
 ParOldGen       total 699392K, used 167884K [0x00000005c0000000, 0x00000005eab00000, 0x0000000715580000)
  object space 699392K, 24% used [0x00000005c0000000,0x00000005ca3f3078,0x00000005eab00000)
 Metaspace       used 10488K, capacity 10677K, committed 10880K, reserved 1058816K
  class space    used 1043K, capacity 1095K, committed 1152K, reserved 1048576K
}
Event: 9.269 GC heap before
{Heap before GC invocations=17 (full 1):
 PSYoungGen      total 952320K, used 912726K [0x0000000715580000, 0x000000075dd80000, 0x00000007c0000000)
  eden space 896512K, 100% used [0x0000000715580000,0x000000074c100000,0x000000074c100000)
  from space 55808K, 29% used [0x000000074c100000,0x000000074d0d58e0,0x000000074f780000)
  to   space 54784K, 0% used [0x000000075a800000,0x000000075a800000,0x000000075dd80000)
 ParOldGen       total 699392K, used 167900K [0x00000005c0000000, 0x00000005eab00000, 0x0000000715580000)
  object space 699392K, 24% used [0x00000005c0000000,0x00000005ca3f7210,0x00000005eab00000)
 Metaspace       used 10488K, capacity 10677K, committed 10880K, reserved 1058816K
  class space    used 1043K, capacity 1095K, committed 1152K, reserved 1048576K
Event: 9.276 GC heap after
Heap after GC invocations=17 (full 1):
 PSYoungGen      total 1135616K, used 21663K [0x0000000715580000, 0x0000000773480000, 0x00000007c0000000)
  eden space 1080832K, 0% used [0x0000000715580000,0x0000000715580000,0x0000000757500000)
  from space 54784K, 39% used [0x000000075a800000,0x000000075bd27e38,0x000000075dd80000)
  to   space 52224K, 0% used [0x0000000757500000,0x0000000757500000,0x000000075a800000)
 ParOldGen       total 699392K, used 183505K [0x00000005c0000000, 0x00000005eab00000, 0x0000000715580000)
  object space 699392K, 26% used [0x00000005c0000000,0x00000005cb334438,0x00000005eab00000)
 Metaspace       used 10488K, capacity 10677K, committed 10880K, reserved 1058816K
  class space    used 1043K, capacity 1095K, committed 1152K, reserved 1048576K
}
Event: 58.817 GC heap before
{Heap before GC invocations=18 (full 1):
 PSYoungGen      total 1135616K, used 1102495K [0x0000000715580000, 0x0000000773480000, 0x00000007c0000000)
  eden space 1080832K, 100% used [0x0000000715580000,0x0000000757500000,0x0000000757500000)
  from space 54784K, 39% used [0x000000075a800000,0x000000075bd27e38,0x000000075dd80000)
  to   space 52224K, 0% used [0x0000000757500000,0x0000000757500000,0x000000075a800000)
 ParOldGen       total 699392K, used 183506K [0x00000005c0000000, 0x00000005eab00000, 0x0000000715580000)
  object space 699392K, 26% used [0x00000005c0000000,0x00000005cb334bc0,0x00000005eab00000)
 Metaspace       used 10533K, capacity 10709K, committed 10880K, reserved 1058816K
  class space    used 1049K, capacity 1127K, committed 1152K, reserved 1048576K
Event: 58.824 GC heap after
Heap after GC invocations=18 (full 1):
 PSYoungGen      total 1053696K, used 15377K [0x0000000715580000, 0x000000075af00000, 0x00000007c0000000)
  eden space 1037824K, 0% used [0x0000000715580000,0x0000000715580000,0x0000000754b00000)
  from space 15872K, 96% used [0x0000000757500000,0x00000007584047e8,0x0000000758480000)
  to   space 43520K, 0% used [0x0000000758480000,0x0000000758480000,0x000000075af00000)
 ParOldGen       total 699392K, used 204490K [0x00000005c0000000, 0x00000005eab00000, 0x0000000715580000)
  object space 699392K, 29% used [0x00000005c0000000,0x00000005cc7b2b48,0x00000005eab00000)
 Metaspace       used 10533K, capacity 10709K, committed 10880K, reserved 1058816K
  class space    used 1049K, capacity 1127K, committed 1152K, reserved 1048576K
}

