# JRE version: Java(TM) SE Runtime Environment (8.0_231-b11) (build 1.8.0_231-b11)
# Java VM: Java HotSpot(TM) 64-Bit Server VM (25.231-b11 mixed mode linux-amd64 compressed oops)
Heap:
 PSYoungGen      total 1400832K, used 1155020K [0x0000000715580000, 0x0000000770b80000, 0x00000007c0000000)
  eden space 1391104K, 82% used [0x0000000715580000,0x000000075b463018,0x000000076a400000)
  from space 9728K, 95% used [0x0000000770200000,0x0000000770b10010,0x0000000770b80000)
  to   space 16384K, 0% used [0x000000076eb80000,0x000000076eb80000,0x000000076fb80000)
 ParOldGen       total 2796544K, used 257792K [0x00000005c0000000, 0x000000066ab00000, 0x0000000715580000)
  object space 2796544K, 9% used [0x00000005c0000000,0x00000005cfbc03d0,0x000000066ab00000)
 Metaspace       used 12894K, capacity 13101K, committed 13184K, reserved 1060864K
  class space    used 1269K, capacity 1367K, committed 1408K, reserved 1048576K
GC Heap History (10 events):
Event: 409.946 GC heap before
{Heap before GC invocations=69 (full 7):
 PSYoungGen      total 1432576K, used 19892K [0x0000000715580000, 0x0000000772100000, 0x00000007c0000000)
  eden space 1432064K, 1% used [0x0000000715580000,0x00000007168ed270,0x000000076cc00000)
  from space 512K, 0% used [0x0000000770580000,0x0000000770580000,0x0000000770600000)
  to   space 16384K, 0% used [0x0000000771100000,0x0000000771100000,0x0000000772100000)
 ParOldGen       total 2796544K, used 261935K [0x00000005c0000000, 0x000000066ab00000, 0x0000000715580000)
  object space 2796544K, 9% used [0x00000005c0000000,0x00000005cffcbd38,0x000000066ab00000)
 Metaspace       used 12883K, capacity 13101K, committed 13184K, reserved 1060864K
  class space    used 1268K, capacity 1367K, committed 1408K, reserved 1048576K
Event: 409.948 GC heap after
Heap after GC invocations=69 (full 7):
 PSYoungGen      total 1433088K, used 544K [0x0000000715580000, 0x0000000771200000, 0x00000007c0000000)
  eden space 1432064K, 0% used [0x0000000715580000,0x0000000715580000,0x000000076cc00000)
  from space 1024K, 53% used [0x0000000771100000,0x0000000771188290,0x0000000771200000)
  to   space 15872K, 0% used [0x000000076f300000,0x000000076f300000,0x0000000770280000)
 ParOldGen       total 2796544K, used 261935K [0x00000005c0000000, 0x000000066ab00000, 0x0000000715580000)
  object space 2796544K, 9% used [0x00000005c0000000,0x00000005cffcbd38,0x000000066ab00000)
 Metaspace       used 12883K, capacity 13101K, committed 13184K, reserved 1060864K
  class space    used 1268K, capacity 1367K, committed 1408K, reserved 1048576K
}
Event: 409.948 GC heap before
{Heap before GC invocations=70 (full 8):
 PSYoungGen      total 1433088K, used 544K [0x0000000715580000, 0x0000000771200000, 0x00000007c0000000)
  eden space 1432064K, 0% used [0x0000000715580000,0x0000000715580000,0x000000076cc00000)
  from space 1024K, 53% used [0x0000000771100000,0x0000000771188290,0x0000000771200000)
  to   space 15872K, 0% used [0x000000076f300000,0x000000076f300000,0x0000000770280000)
 ParOldGen       total 2796544K, used 261935K [0x00000005c0000000, 0x000000066ab00000, 0x0000000715580000)
  object space 2796544K, 9% used [0x00000005c0000000,0x00000005cffcbd38,0x000000066ab00000)
 Metaspace       used 12883K, capacity 13101K, committed 13184K, reserved 1060864K
  class space    used 1268K, capacity 1367K, committed 1408K, reserved 1048576K
Event: 409.995 GC heap after
Heap after GC invocations=70 (full 8):
 PSYoungGen      total 1433088K, used 0K [0x0000000715580000, 0x0000000771200000, 0x00000007c0000000)
  eden space 1432064K, 0% used [0x0000000715580000,0x0000000715580000,0x000000076cc00000)
  from space 1024K, 0% used [0x0000000771100000,0x0000000771100000,0x0000000771200000)
  to   space 15872K, 0% used [0x000000076f300000,0x000000076f300000,0x0000000770280000)
 ParOldGen       total 2796544K, used 260604K [0x00000005c0000000, 0x000000066ab00000, 0x0000000715580000)
  object space 2796544K, 9% used [0x00000005c0000000,0x00000005cfe7f3a8,0x000000066ab00000)
 Metaspace       used 12883K, capacity 13101K, committed 13184K, reserved 1060864K
  class space    used 1268K, capacity 1367K, committed 1408K, reserved 1048576K
}
Event: 410.331 GC heap before
{Heap before GC invocations=71 (full 8):
 PSYoungGen      total 1433088K, used 15829K [0x0000000715580000, 0x0000000771200000, 0x00000007c0000000)
  eden space 1432064K, 1% used [0x0000000715580000,0x00000007164f56f0,0x000000076cc00000)
  from space 1024K, 0% used [0x0000000771100000,0x0000000771100000,0x0000000771200000)
  to   space 15872K, 0% used [0x000000076f300000,0x000000076f300000,0x0000000770280000)
 ParOldGen       total 2796544K, used 260604K [0x00000005c0000000, 0x000000066ab00000, 0x0000000715580000)
  object space 2796544K, 9% used [0x00000005c0000000,0x00000005cfe7f3a8,0x000000066ab00000)
 Metaspace       used 12883K, capacity 13101K, committed 13184K, reserved 1060864K
  class space    used 1268K, capacity 1367K, committed 1408K, reserved 1048576K
Event: 410.332 GC heap after
Heap after GC invocations=71 (full 8):
 PSYoungGen      total 1432576K, used 64K [0x0000000715580000, 0x0000000771180000, 0x00000007c0000000)
  eden space 1432064K, 0% used [0x0000000715580000,0x0000000715580000,0x000000076cc00000)
  from space 512K, 12% used [0x000000076f300000,0x000000076f310000,0x000000076f380000)
  to   space 15872K, 0% used [0x0000000770200000,0x0000000770200000,0x0000000771180000)
 ParOldGen       total 2796544K, used 260604K [0x00000005c0000000, 0x000000066ab00000, 0x0000000715580000)
  object space 2796544K, 9% used [0x00000005c0000000,0x00000005cfe7f3a8,0x000000066ab00000)
 Metaspace       used 12883K, capacity 13101K, committed 13184K, reserved 1060864K
  class space    used 1268K, capacity 1367K, committed 1408K, reserved 1048576K
}
Event: 410.332 GC heap before
{Heap before GC invocations=72 (full 9):
 PSYoungGen      total 1432576K, used 64K [0x0000000715580000, 0x0000000771180000, 0x00000007c0000000)
  eden space 1432064K, 0% used [0x0000000715580000,0x0000000715580000,0x000000076cc00000)
  from space 512K, 12% used [0x000000076f300000,0x000000076f310000,0x000000076f380000)
  to   space 15872K, 0% used [0x0000000770200000,0x0000000770200000,0x0000000771180000)
 ParOldGen       total 2796544K, used 260604K [0x00000005c0000000, 0x000000066ab00000, 0x0000000715580000)
  object space 2796544K, 9% used [0x00000005c0000000,0x00000005cfe7f3a8,0x000000066ab00000)
 Metaspace       used 12883K, capacity 13101K, committed 13184K, reserved 1060864K
  class space    used 1268K, capacity 1367K, committed 1408K, reserved 1048576K
Event: 410.375 GC heap after
Heap after GC invocations=72 (full 9):
 PSYoungGen      total 1432576K, used 0K [0x0000000715580000, 0x0000000771180000, 0x00000007c0000000)
  eden space 1432064K, 0% used [0x0000000715580000,0x0000000715580000,0x000000076cc00000)
  from space 512K, 0% used [0x000000076f300000,0x000000076f300000,0x000000076f380000)
  to   space 15872K, 0% used [0x0000000770200000,0x0000000770200000,0x0000000771180000)
 ParOldGen       total 2796544K, used 257792K [0x00000005c0000000, 0x000000066ab00000, 0x0000000715580000)
  object space 2796544K, 9% used [0x00000005c0000000,0x00000005cfbc03d0,0x000000066ab00000)
 Metaspace       used 12883K, capacity 13101K, committed 13184K, reserved 1060864K
  class space    used 1268K, capacity 1367K, committed 1408K, reserved 1048576K
}
Event: 414.285 GC heap before
{Heap before GC invocations=73 (full 9):
 PSYoungGen      total 1432576K, used 1432064K [0x0000000715580000, 0x0000000771180000, 0x00000007c0000000)
  eden space 1432064K, 100% used [0x0000000715580000,0x000000076cc00000,0x000000076cc00000)
  from space 512K, 0% used [0x000000076f300000,0x000000076f300000,0x000000076f380000)
  to   space 15872K, 0% used [0x0000000770200000,0x0000000770200000,0x0000000771180000)
 ParOldGen       total 2796544K, used 257792K [0x00000005c0000000, 0x000000066ab00000, 0x0000000715580000)
  object space 2796544K, 9% used [0x00000005c0000000,0x00000005cfbc03d0,0x000000066ab00000)
 Metaspace       used 12883K, capacity 13101K, committed 13184K, reserved 1060864K
  class space    used 1268K, capacity 1367K, committed 1408K, reserved 1048576K
Event: 414.287 GC heap after
Heap after GC invocations=73 (full 9):
 PSYoungGen      total 1400832K, used 9280K [0x0000000715580000, 0x0000000770b80000, 0x00000007c0000000)
  eden space 1391104K, 0% used [0x0000000715580000,0x0000000715580000,0x000000076a400000)
  from space 9728K, 95% used [0x0000000770200000,0x0000000770b10010,0x0000000770b80000)
  to   space 16384K, 0% used [0x000000076eb80000,0x000000076eb80000,0x000000076fb80000)
 ParOldGen       total 2796544K, used 257792K [0x00000005c0000000, 0x000000066ab00000, 0x0000000715580000)
  object space 2796544K, 9% used [0x00000005c0000000,0x00000005cfbc03d0,0x000000066ab00000)
 Metaspace       used 12883K, capacity 13101K, committed 13184K, reserved 1060864K
  class space    used 1268K, capacity 1367K, committed 1408K, reserved 1048576K
}

