# JRE version: Java(TM) SE Runtime Environment (8.0_231-b11) (build 1.8.0_231-b11)
# Java VM: Java HotSpot(TM) 64-Bit Server VM (25.231-b11 mixed mode linux-amd64 compressed oops)
Heap:
 PSYoungGen      total 1446912K, used 246942K [0x0000000715580000, 0x0000000772c80000, 0x00000007c0000000)
  eden space 1416192K, 15% used [0x0000000715580000,0x0000000722916be0,0x000000076bc80000)
  from space 30720K, 98% used [0x000000076f980000,0x0000000771710ce8,0x0000000771780000)
  to   space 21504K, 0% used [0x0000000771780000,0x0000000771780000,0x0000000772c80000)
 ParOldGen       total 699392K, used 186479K [0x00000005c0000000, 0x00000005eab00000, 0x0000000715580000)
  object space 699392K, 26% used [0x00000005c0000000,0x00000005cb61bc68,0x00000005eab00000)
 Metaspace       used 10512K, capacity 10677K, committed 10880K, reserved 1058816K
  class space    used 1045K, capacity 1095K, committed 1152K, reserved 1048576K
GC Heap History (10 events):
Event: 6.312 GC heap before
{Heap before GC invocations=14 (full 1):
 PSYoungGen      total 456704K, used 456695K [0x0000000715580000, 0x0000000755580000, 0x00000007c0000000)
  eden space 442368K, 100% used [0x0000000715580000,0x0000000730580000,0x0000000730580000)
  from space 14336K, 99% used [0x0000000754780000,0x000000075557ded0,0x0000000755580000)
  to   space 57856K, 0% used [0x000000074e480000,0x000000074e480000,0x0000000751d00000)
 ParOldGen       total 699392K, used 100049K [0x00000005c0000000, 0x00000005eab00000, 0x0000000715580000)
  object space 699392K, 14% used [0x00000005c0000000,0x00000005c61b4680,0x00000005eab00000)
 Metaspace       used 10485K, capacity 10677K, committed 10880K, reserved 1058816K
  class space    used 1043K, capacity 1095K, committed 1152K, reserved 1048576K
Event: 6.317 GC heap after
Heap after GC invocations=14 (full 1):
 PSYoungGen      total 722944K, used 14354K [0x0000000715580000, 0x0000000754800000, 0x00000007c0000000)
  eden space 708096K, 0% used [0x0000000715580000,0x0000000715580000,0x0000000740900000)
  from space 14848K, 96% used [0x000000074e480000,0x000000074f284990,0x000000074f300000)
  to   space 56320K, 0% used [0x0000000751100000,0x0000000751100000,0x0000000754800000)
 ParOldGen       total 699392K, used 113898K [0x00000005c0000000, 0x00000005eab00000, 0x0000000715580000)
  object space 699392K, 16% used [0x00000005c0000000,0x00000005c6f3abe0,0x00000005eab00000)
 Metaspace       used 10485K, capacity 10677K, committed 10880K, reserved 1058816K
  class space    used 1043K, capacity 1095K, committed 1152K, reserved 1048576K
}
Event: 7.353 GC heap before
{Heap before GC invocations=15 (full 1):
 PSYoungGen      total 722944K, used 722450K [0x0000000715580000, 0x0000000754800000, 0x00000007c0000000)
  eden space 708096K, 100% used [0x0000000715580000,0x0000000740900000,0x0000000740900000)
  from space 14848K, 96% used [0x000000074e480000,0x000000074f284990,0x000000074f300000)
  to   space 56320K, 0% used [0x0000000751100000,0x0000000751100000,0x0000000754800000)
 ParOldGen       total 699392K, used 113898K [0x00000005c0000000, 0x00000005eab00000, 0x0000000715580000)
  object space 699392K, 16% used [0x00000005c0000000,0x00000005c6f3abe0,0x00000005eab00000)
 Metaspace       used 10492K, capacity 10677K, committed 10880K, reserved 1058816K
  class space    used 1043K, capacity 1095K, committed 1152K, reserved 1048576K
Event: 7.359 GC heap after
Heap after GC invocations=15 (full 1):
 PSYoungGen      total 980480K, used 20249K [0x0000000715580000, 0x0000000761200000, 0x00000007c0000000)
  eden space 924160K, 0% used [0x0000000715580000,0x0000000715580000,0x000000074dc00000)
  from space 56320K, 35% used [0x0000000751100000,0x00000007524c6628,0x0000000754800000)
  to   space 54272K, 0% used [0x000000074dc00000,0x000000074dc00000,0x0000000751100000)
 ParOldGen       total 699392K, used 127662K [0x00000005c0000000, 0x00000005eab00000, 0x0000000715580000)
  object space 699392K, 18% used [0x00000005c0000000,0x00000005c7cabbe0,0x00000005eab00000)
 Metaspace       used 10492K, capacity 10677K, committed 10880K, reserved 1058816K
  class space    used 1043K, capacity 1095K, committed 1152K, reserved 1048576K
}
Event: 8.161 GC heap before
{Heap before GC invocations=16 (full 1):
 PSYoungGen      total 980480K, used 944409K [0x0000000715580000, 0x0000000761200000, 0x00000007c0000000)
  eden space 924160K, 100% used [0x0000000715580000,0x000000074dc00000,0x000000074dc00000)
  from space 56320K, 35% used [0x0000000751100000,0x00000007524c6628,0x0000000754800000)
  to   space 54272K, 0% used [0x000000074dc00000,0x000000074dc00000,0x0000000751100000)
 ParOldGen       total 699392K, used 127662K [0x00000005c0000000, 0x00000005eab00000, 0x0000000715580000)
  object space 699392K, 18% used [0x00000005c0000000,0x00000005c7cabbe0,0x00000005eab00000)
 Metaspace       used 10492K, capacity 10677K, committed 10880K, reserved 1058816K
  class space    used 1043K, capacity 1095K, committed 1152K, reserved 1048576K
Event: 8.168 GC heap after
Heap after GC invocations=16 (full 1):
 PSYoungGen      total 978432K, used 21515K [0x0000000715580000, 0x0000000775e80000, 0x00000007c0000000)
  eden space 924160K, 0% used [0x0000000715580000,0x0000000715580000,0x000000074dc00000)
  from space 54272K, 39% used [0x000000074dc00000,0x000000074f102f30,0x0000000751100000)
  to   space 51712K, 0% used [0x0000000772c00000,0x0000000772c00000,0x0000000775e80000)
 ParOldGen       total 699392K, used 147275K [0x00000005c0000000, 0x00000005eab00000, 0x0000000715580000)
  object space 699392K, 21% used [0x00000005c0000000,0x00000005c8fd2d40,0x00000005eab00000)
 Metaspace       used 10492K, capacity 10677K, committed 10880K, reserved 1058816K
  class space    used 1043K, capacity 1095K, committed 1152K, reserved 1048576K
}
Event: 8.886 GC heap before
{Heap before GC invocations=17 (full 1):
 PSYoungGen      total 978432K, used 945675K [0x0000000715580000, 0x0000000775e80000, 0x00000007c0000000)
  eden space 924160K, 100% used [0x0000000715580000,0x000000074dc00000,0x000000074dc00000)
  from space 54272K, 39% used [0x000000074dc00000,0x000000074f102f30,0x0000000751100000)
  to   space 51712K, 0% used [0x0000000772c00000,0x0000000772c00000,0x0000000775e80000)
 ParOldGen       total 699392K, used 147296K [0x00000005c0000000, 0x00000005eab00000, 0x0000000715580000)
  object space 699392K, 21% used [0x00000005c0000000,0x00000005c8fd8318,0x00000005eab00000)
 Metaspace       used 10492K, capacity 10677K, committed 10880K, reserved 1058816K
  class space    used 1043K, capacity 1095K, committed 1152K, reserved 1048576K
Event: 8.893 GC heap after
Heap after GC invocations=17 (full 1):
 PSYoungGen      total 1527296K, used 18587K [0x0000000715580000, 0x0000000775b80000, 0x00000007c0000000)
  eden space 1478656K, 0% used [0x0000000715580000,0x0000000715580000,0x000000076f980000)
  from space 48640K, 38% used [0x0000000772c00000,0x0000000773e26f10,0x0000000775b80000)
  to   space 50176K, 0% used [0x000000076f980000,0x000000076f980000,0x0000000772a80000)
 ParOldGen       total 699392K, used 168260K [0x00000005c0000000, 0x00000005eab00000, 0x0000000715580000)
  object space 699392K, 24% used [0x00000005c0000000,0x00000005ca451310,0x00000005eab00000)
 Metaspace       used 10492K, capacity 10677K, committed 10880K, reserved 1058816K
  class space    used 1043K, capacity 1095K, committed 1152K, reserved 1048576K
}
Event: 10.001 GC heap before
{Heap before GC invocations=18 (full 1):
 PSYoungGen      total 1527296K, used 1497243K [0x0000000715580000, 0x0000000775b80000, 0x00000007c0000000)
  eden space 1478656K, 100% used [0x0000000715580000,0x000000076f980000,0x000000076f980000)
  from space 48640K, 38% used [0x0000000772c00000,0x0000000773e26f10,0x0000000775b80000)
  to   space 50176K, 0% used [0x000000076f980000,0x000000076f980000,0x0000000772a80000)
 ParOldGen       total 699392K, used 168480K [0x00000005c0000000, 0x00000005eab00000, 0x0000000715580000)
  object space 699392K, 24% used [0x00000005c0000000,0x00000005ca488008,0x00000005eab00000)
 Metaspace       used 10493K, capacity 10677K, committed 10880K, reserved 1058816K
  class space    used 1043K, capacity 1095K, committed 1152K, reserved 1048576K
Event: 10.009 GC heap after
Heap after GC invocations=18 (full 1):
 PSYoungGen      total 1446912K, used 30275K [0x0000000715580000, 0x0000000772c80000, 0x00000007c0000000)
  eden space 1416192K, 0% used [0x0000000715580000,0x0000000715580000,0x000000076bc80000)
  from space 30720K, 98% used [0x000000076f980000,0x0000000771710ce8,0x0000000771780000)
  to   space 21504K, 0% used [0x0000000771780000,0x0000000771780000,0x0000000772c80000)
 ParOldGen       total 699392K, used 186479K [0x00000005c0000000, 0x00000005eab00000, 0x0000000715580000)
  object space 699392K, 26% used [0x00000005c0000000,0x00000005cb61bc68,0x00000005eab00000)
 Metaspace       used 10493K, capacity 10677K, committed 10880K, reserved 1058816K
  class space    used 1043K, capacity 1095K, committed 1152K, reserved 1048576K
}

