# JRE version: Java(TM) SE Runtime Environment (8.0_261-b12) (build 1.8.0_261-b12)
# Java VM: Java HotSpot(TM) 64-Bit Server VM (25.261-b12 mixed mode linux-amd64 compressed oops)
Heap:
 PSYoungGen      total 858112K, used 50826K [0x00000006c4f80000, 0x00000006ff080000, 0x00000007c0000000)
  eden space 767488K, 6% used [0x00000006c4f80000,0x00000006c8122bc0,0x00000006f3d00000)
  from space 90624K, 0% used [0x00000006f3d00000,0x00000006f3d00000,0x00000006f9580000)
  to   space 91136K, 0% used [0x00000006f9780000,0x00000006f9780000,0x00000006ff080000)
 ParOldGen       total 515072K, used 125752K [0x00000004cee00000, 0x00000004ee500000, 0x00000006c4f80000)
  object space 515072K, 24% used [0x00000004cee00000,0x00000004d68ce3c8,0x00000004ee500000)
 Metaspace       used 8503K, capacity 8687K, committed 8960K, reserved 1056768K
  class space    used 866K, capacity 968K, committed 1024K, reserved 1048576K
GC Heap History (10 events):
Event: 76.919 GC heap before
{Heap before GC invocations=11 (full 2):
 PSYoungGen      total 848896K, used 160K [0x00000006c4f80000, 0x00000006fec80000, 0x00000007c0000000)
  eden space 763392K, 0% used [0x00000006c4f80000,0x00000006c4f80000,0x00000006f3900000)
  from space 85504K, 0% used [0x00000006f3900000,0x00000006f3928000,0x00000006f8c80000)
  to   space 89088K, 0% used [0x00000006f9580000,0x00000006f9580000,0x00000006fec80000)
 ParOldGen       total 515072K, used 125779K [0x00000004cee00000, 0x00000004ee500000, 0x00000006c4f80000)
  object space 515072K, 24% used [0x00000004cee00000,0x00000004d68d4f00,0x00000004ee500000)
 Metaspace       used 8379K, capacity 8591K, committed 8704K, reserved 1056768K
  class space    used 854K, capacity 936K, committed 1024K, reserved 1048576K
Event: 76.986 GC heap after
Heap after GC invocations=11 (full 2):
 PSYoungGen      total 848896K, used 0K [0x00000006c4f80000, 0x00000006fec80000, 0x00000007c0000000)
  eden space 763392K, 0% used [0x00000006c4f80000,0x00000006c4f80000,0x00000006f3900000)
  from space 85504K, 0% used [0x00000006f3900000,0x00000006f3900000,0x00000006f8c80000)
  to   space 89088K, 0% used [0x00000006f9580000,0x00000006f9580000,0x00000006fec80000)
 ParOldGen       total 515072K, used 125758K [0x00000004cee00000, 0x00000004ee500000, 0x00000006c4f80000)
  object space 515072K, 24% used [0x00000004cee00000,0x00000004d68cf9e0,0x00000004ee500000)
 Metaspace       used 8379K, capacity 8591K, committed 8704K, reserved 1056768K
  class space    used 854K, capacity 936K, committed 1024K, reserved 1048576K
}
Event: 76.986 GC heap before
{Heap before GC invocations=12 (full 2):
 PSYoungGen      total 848896K, used 8977K [0x00000006c4f80000, 0x00000006fec80000, 0x00000007c0000000)
  eden space 763392K, 1% used [0x00000006c4f80000,0x00000006c5844738,0x00000006f3900000)
  from space 85504K, 0% used [0x00000006f3900000,0x00000006f3900000,0x00000006f8c80000)
  to   space 89088K, 0% used [0x00000006f9580000,0x00000006f9580000,0x00000006fec80000)
 ParOldGen       total 515072K, used 125758K [0x00000004cee00000, 0x00000004ee500000, 0x00000006c4f80000)
  object space 515072K, 24% used [0x00000004cee00000,0x00000004d68cf9e0,0x00000004ee500000)
 Metaspace       used 8379K, capacity 8591K, committed 8704K, reserved 1056768K
  class space    used 854K, capacity 936K, committed 1024K, reserved 1048576K
Event: 76.990 GC heap after
Heap after GC invocations=12 (full 2):
 PSYoungGen      total 856576K, used 128K [0x00000006c4f80000, 0x00000006fef80000, 0x00000007c0000000)
  eden space 767488K, 0% used [0x00000006c4f80000,0x00000006c4f80000,0x00000006f3d00000)
  from space 89088K, 0% used [0x00000006f9580000,0x00000006f95a0000,0x00000006fec80000)
  to   space 90624K, 0% used [0x00000006f3d00000,0x00000006f3d00000,0x00000006f9580000)
 ParOldGen       total 515072K, used 125758K [0x00000004cee00000, 0x00000004ee500000, 0x00000006c4f80000)
  object space 515072K, 24% used [0x00000004cee00000,0x00000004d68cf9e0,0x00000004ee500000)
 Metaspace       used 8379K, capacity 8591K, committed 8704K, reserved 1056768K
  class space    used 854K, capacity 936K, committed 1024K, reserved 1048576K
}
Event: 76.990 GC heap before
{Heap before GC invocations=13 (full 3):
 PSYoungGen      total 856576K, used 128K [0x00000006c4f80000, 0x00000006fef80000, 0x00000007c0000000)
  eden space 767488K, 0% used [0x00000006c4f80000,0x00000006c4f80000,0x00000006f3d00000)
  from space 89088K, 0% used [0x00000006f9580000,0x00000006f95a0000,0x00000006fec80000)
  to   space 90624K, 0% used [0x00000006f3d00000,0x00000006f3d00000,0x00000006f9580000)
 ParOldGen       total 515072K, used 125758K [0x00000004cee00000, 0x00000004ee500000, 0x00000006c4f80000)
  object space 515072K, 24% used [0x00000004cee00000,0x00000004d68cf9e0,0x00000004ee500000)
 Metaspace       used 8379K, capacity 8591K, committed 8704K, reserved 1056768K
  class space    used 854K, capacity 936K, committed 1024K, reserved 1048576K
Event: 77.070 GC heap after
Heap after GC invocations=13 (full 3):
 PSYoungGen      total 856576K, used 0K [0x00000006c4f80000, 0x00000006fef80000, 0x00000007c0000000)
  eden space 767488K, 0% used [0x00000006c4f80000,0x00000006c4f80000,0x00000006f3d00000)
  from space 89088K, 0% used [0x00000006f9580000,0x00000006f9580000,0x00000006fec80000)
  to   space 90624K, 0% used [0x00000006f3d00000,0x00000006f3d00000,0x00000006f9580000)
 ParOldGen       total 515072K, used 125752K [0x00000004cee00000, 0x00000004ee500000, 0x00000006c4f80000)
  object space 515072K, 24% used [0x00000004cee00000,0x00000004d68ce1c0,0x00000004ee500000)
 Metaspace       used 8379K, capacity 8591K, committed 8704K, reserved 1056768K
  class space    used 854K, capacity 936K, committed 1024K, reserved 1048576K
}
Event: 77.070 GC heap before
{Heap before GC invocations=14 (full 3):
 PSYoungGen      total 856576K, used 14142K [0x00000006c4f80000, 0x00000006fef80000, 0x00000007c0000000)
  eden space 767488K, 1% used [0x00000006c4f80000,0x00000006c5d4fab0,0x00000006f3d00000)
  from space 89088K, 0% used [0x00000006f9580000,0x00000006f9580000,0x00000006fec80000)
  to   space 90624K, 0% used [0x00000006f3d00000,0x00000006f3d00000,0x00000006f9580000)
 ParOldGen       total 515072K, used 125752K [0x00000004cee00000, 0x00000004ee500000, 0x00000006c4f80000)
  object space 515072K, 24% used [0x00000004cee00000,0x00000004d68ce1c0,0x00000004ee500000)
 Metaspace       used 8379K, capacity 8591K, committed 8704K, reserved 1056768K
  class space    used 854K, capacity 936K, committed 1024K, reserved 1048576K
Event: 77.076 GC heap after
Heap after GC invocations=14 (full 3):
 PSYoungGen      total 858112K, used 192K [0x00000006c4f80000, 0x00000006ff080000, 0x00000007c0000000)
  eden space 767488K, 0% used [0x00000006c4f80000,0x00000006c4f80000,0x00000006f3d00000)
  from space 90624K, 0% used [0x00000006f3d00000,0x00000006f3d30000,0x00000006f9580000)
  to   space 91136K, 0% used [0x00000006f9780000,0x00000006f9780000,0x00000006ff080000)
 ParOldGen       total 515072K, used 125752K [0x00000004cee00000, 0x00000004ee500000, 0x00000006c4f80000)
  object space 515072K, 24% used [0x00000004cee00000,0x00000004d68ce1c0,0x00000004ee500000)
 Metaspace       used 8379K, capacity 8591K, committed 8704K, reserved 1056768K
  class space    used 854K, capacity 936K, committed 1024K, reserved 1048576K
}
Event: 77.076 GC heap before
{Heap before GC invocations=15 (full 4):
 PSYoungGen      total 858112K, used 192K [0x00000006c4f80000, 0x00000006ff080000, 0x00000007c0000000)
  eden space 767488K, 0% used [0x00000006c4f80000,0x00000006c4f80000,0x00000006f3d00000)
  from space 90624K, 0% used [0x00000006f3d00000,0x00000006f3d30000,0x00000006f9580000)
  to   space 91136K, 0% used [0x00000006f9780000,0x00000006f9780000,0x00000006ff080000)
 ParOldGen       total 515072K, used 125752K [0x00000004cee00000, 0x00000004ee500000, 0x00000006c4f80000)
  object space 515072K, 24% used [0x00000004cee00000,0x00000004d68ce1c0,0x00000004ee500000)
 Metaspace       used 8379K, capacity 8591K, committed 8704K, reserved 1056768K
  class space    used 854K, capacity 936K, committed 1024K, reserved 1048576K
Event: 77.103 GC heap after
Heap after GC invocations=15 (full 4):
 PSYoungGen      total 858112K, used 0K [0x00000006c4f80000, 0x00000006ff080000, 0x00000007c0000000)
  eden space 767488K, 0% used [0x00000006c4f80000,0x00000006c4f80000,0x00000006f3d00000)
  from space 90624K, 0% used [0x00000006f3d00000,0x00000006f3d00000,0x00000006f9580000)
  to   space 91136K, 0% used [0x00000006f9780000,0x00000006f9780000,0x00000006ff080000)
 ParOldGen       total 515072K, used 125752K [0x00000004cee00000, 0x00000004ee500000, 0x00000006c4f80000)
  object space 515072K, 24% used [0x00000004cee00000,0x00000004d68ce3c8,0x00000004ee500000)
 Metaspace       used 8379K, capacity 8591K, committed 8704K, reserved 1056768K
  class space    used 854K, capacity 936K, committed 1024K, reserved 1048576K
}

