# JRE version: Java(TM) SE Runtime Environment (8.0_231-b11) (build 1.8.0_231-b11)
# Java VM: Java HotSpot(TM) 64-Bit Server VM (25.231-b11 mixed mode linux-amd64 compressed oops)
Heap:
 PSYoungGen      total 902144K, used 85079K [0x0000000715580000, 0x0000000757000000, 0x00000007c0000000)
  eden space 849920K, 7% used [0x0000000715580000,0x000000071979f448,0x0000000749380000)
  from space 52224K, 33% used [0x0000000749380000,0x000000074a476a88,0x000000074c680000)
  to   space 50688K, 0% used [0x0000000753e80000,0x0000000753e80000,0x0000000757000000)
 ParOldGen       total 699392K, used 202222K [0x00000005c0000000, 0x00000005eab00000, 0x0000000715580000)
  object space 699392K, 28% used [0x00000005c0000000,0x00000005cc57b9d0,0x00000005eab00000)
 Metaspace       used 10497K, capacity 10677K, committed 10880K, reserved 1058816K
  class space    used 1045K, capacity 1095K, committed 1152K, reserved 1048576K
GC Heap History (10 events):
Event: 7.264 GC heap before
{Heap before GC invocations=14 (full 1):
 PSYoungGen      total 771072K, used 771032K [0x0000000715580000, 0x0000000756a80000, 0x00000007c0000000)
  eden space 745984K, 100% used [0x0000000715580000,0x0000000742e00000,0x0000000742e00000)
  from space 25088K, 99% used [0x0000000755200000,0x0000000756a76330,0x0000000756a80000)
  to   space 57856K, 0% used [0x000000074f980000,0x000000074f980000,0x0000000753200000)
 ParOldGen       total 699392K, used 106280K [0x00000005c0000000, 0x00000005eab00000, 0x0000000715580000)
  object space 699392K, 15% used [0x00000005c0000000,0x00000005c67ca240,0x00000005eab00000)
 Metaspace       used 10479K, capacity 10677K, committed 10880K, reserved 1058816K
  class space    used 1044K, capacity 1095K, committed 1152K, reserved 1048576K
Event: 7.273 GC heap after
Heap after GC invocations=14 (full 1):
 PSYoungGen      total 726016K, used 16539K [0x0000000715580000, 0x0000000755280000, 0x00000007c0000000)
  eden space 709120K, 0% used [0x0000000715580000,0x0000000715580000,0x0000000740a00000)
  from space 16896K, 97% used [0x000000074f980000,0x00000007509a6fd0,0x0000000750a00000)
  to   space 56832K, 0% used [0x0000000751b00000,0x0000000751b00000,0x0000000755280000)
 ParOldGen       total 699392K, used 130559K [0x00000005c0000000, 0x00000005eab00000, 0x0000000715580000)
  object space 699392K, 18% used [0x00000005c0000000,0x00000005c7f7fca8,0x00000005eab00000)
 Metaspace       used 10479K, capacity 10677K, committed 10880K, reserved 1058816K
  class space    used 1044K, capacity 1095K, committed 1152K, reserved 1048576K
}
Event: 7.949 GC heap before
{Heap before GC invocations=15 (full 1):
 PSYoungGen      total 726016K, used 725659K [0x0000000715580000, 0x0000000755280000, 0x00000007c0000000)
  eden space 709120K, 100% used [0x0000000715580000,0x0000000740a00000,0x0000000740a00000)
  from space 16896K, 97% used [0x000000074f980000,0x00000007509a6fd0,0x0000000750a00000)
  to   space 56832K, 0% used [0x0000000751b00000,0x0000000751b00000,0x0000000755280000)
 ParOldGen       total 699392K, used 130798K [0x00000005c0000000, 0x00000005eab00000, 0x0000000715580000)
  object space 699392K, 18% used [0x00000005c0000000,0x00000005c7fbb8b8,0x00000005eab00000)
 Metaspace       used 10482K, capacity 10677K, committed 10880K, reserved 1058816K
  class space    used 1044K, capacity 1095K, committed 1152K, reserved 1048576K
Event: 7.956 GC heap after
Heap after GC invocations=15 (full 1):
 PSYoungGen      total 693248K, used 19219K [0x0000000715580000, 0x0000000752e00000, 0x00000007c0000000)
  eden space 673792K, 0% used [0x0000000715580000,0x0000000715580000,0x000000073e780000)
  from space 19456K, 98% used [0x0000000751b00000,0x0000000752dc4de0,0x0000000752e00000)
  to   space 55296K, 0% used [0x000000074c200000,0x000000074c200000,0x000000074f800000)
 ParOldGen       total 699392K, used 146812K [0x00000005c0000000, 0x00000005eab00000, 0x0000000715580000)
  object space 699392K, 20% used [0x00000005c0000000,0x00000005c8f5f328,0x00000005eab00000)
 Metaspace       used 10482K, capacity 10677K, committed 10880K, reserved 1058816K
  class space    used 1044K, capacity 1095K, committed 1152K, reserved 1048576K
}
Event: 8.647 GC heap before
{Heap before GC invocations=16 (full 1):
 PSYoungGen      total 693248K, used 693011K [0x0000000715580000, 0x0000000752e00000, 0x00000007c0000000)
  eden space 673792K, 100% used [0x0000000715580000,0x000000073e780000,0x000000073e780000)
  from space 19456K, 98% used [0x0000000751b00000,0x0000000752dc4de0,0x0000000752e00000)
  to   space 55296K, 0% used [0x000000074c200000,0x000000074c200000,0x000000074f800000)
 ParOldGen       total 699392K, used 146812K [0x00000005c0000000, 0x00000005eab00000, 0x0000000715580000)
  object space 699392K, 20% used [0x00000005c0000000,0x00000005c8f5f328,0x00000005eab00000)
 Metaspace       used 10482K, capacity 10677K, committed 10880K, reserved 1058816K
  class space    used 1044K, capacity 1095K, committed 1152K, reserved 1048576K
Event: 8.654 GC heap after
Heap after GC invocations=16 (full 1):
 PSYoungGen      total 659968K, used 19399K [0x0000000715580000, 0x0000000751b80000, 0x00000007c0000000)
  eden space 640512K, 0% used [0x0000000715580000,0x0000000715580000,0x000000073c700000)
  from space 19456K, 99% used [0x000000074c200000,0x000000074d4f1e08,0x000000074d500000)
  to   space 53760K, 0% used [0x000000074e700000,0x000000074e700000,0x0000000751b80000)
 ParOldGen       total 699392K, used 165474K [0x00000005c0000000, 0x00000005eab00000, 0x0000000715580000)
  object space 699392K, 23% used [0x00000005c0000000,0x00000005ca198a48,0x00000005eab00000)
 Metaspace       used 10482K, capacity 10677K, committed 10880K, reserved 1058816K
  class space    used 1044K, capacity 1095K, committed 1152K, reserved 1048576K
}
Event: 9.330 GC heap before
{Heap before GC invocations=17 (full 1):
 PSYoungGen      total 659968K, used 659911K [0x0000000715580000, 0x0000000751b80000, 0x00000007c0000000)
  eden space 640512K, 100% used [0x0000000715580000,0x000000073c700000,0x000000073c700000)
  from space 19456K, 99% used [0x000000074c200000,0x000000074d4f1e08,0x000000074d500000)
  to   space 53760K, 0% used [0x000000074e700000,0x000000074e700000,0x0000000751b80000)
 ParOldGen       total 699392K, used 165487K [0x00000005c0000000, 0x00000005eab00000, 0x0000000715580000)
  object space 699392K, 23% used [0x00000005c0000000,0x00000005ca19bed8,0x00000005eab00000)
 Metaspace       used 10483K, capacity 10677K, committed 10880K, reserved 1058816K
  class space    used 1044K, capacity 1095K, committed 1152K, reserved 1048576K
Event: 9.337 GC heap after
Heap after GC invocations=17 (full 1):
 PSYoungGen      total 627712K, used 18504K [0x0000000715580000, 0x000000074f980000, 0x00000007c0000000)
  eden space 608768K, 0% used [0x0000000715580000,0x0000000715580000,0x000000073a800000)
  from space 18944K, 97% used [0x000000074e700000,0x000000074f912238,0x000000074f980000)
  to   space 52224K, 0% used [0x0000000749380000,0x0000000749380000,0x000000074c680000)
 ParOldGen       total 699392K, used 184274K [0x00000005c0000000, 0x00000005eab00000, 0x0000000715580000)
  object space 699392K, 26% used [0x00000005c0000000,0x00000005cb3f4968,0x00000005eab00000)
 Metaspace       used 10483K, capacity 10677K, committed 10880K, reserved 1058816K
  class space    used 1044K, capacity 1095K, committed 1152K, reserved 1048576K
}
Event: 9.958 GC heap before
{Heap before GC invocations=18 (full 1):
 PSYoungGen      total 627712K, used 627272K [0x0000000715580000, 0x000000074f980000, 0x00000007c0000000)
  eden space 608768K, 100% used [0x0000000715580000,0x000000073a800000,0x000000073a800000)
  from space 18944K, 97% used [0x000000074e700000,0x000000074f912238,0x000000074f980000)
  to   space 52224K, 0% used [0x0000000749380000,0x0000000749380000,0x000000074c680000)
 ParOldGen       total 699392K, used 184277K [0x00000005c0000000, 0x00000005eab00000, 0x0000000715580000)
  object space 699392K, 26% used [0x00000005c0000000,0x00000005cb3f5718,0x00000005eab00000)
 Metaspace       used 10483K, capacity 10677K, committed 10880K, reserved 1058816K
  class space    used 1044K, capacity 1095K, committed 1152K, reserved 1048576K
Event: 9.965 GC heap after
Heap after GC invocations=18 (full 1):
 PSYoungGen      total 902144K, used 17370K [0x0000000715580000, 0x0000000757000000, 0x00000007c0000000)
  eden space 849920K, 0% used [0x0000000715580000,0x0000000715580000,0x0000000749380000)
  from space 52224K, 33% used [0x0000000749380000,0x000000074a476a88,0x000000074c680000)
  to   space 50688K, 0% used [0x0000000753e80000,0x0000000753e80000,0x0000000757000000)
 ParOldGen       total 699392K, used 202222K [0x00000005c0000000, 0x00000005eab00000, 0x0000000715580000)
  object space 699392K, 28% used [0x00000005c0000000,0x00000005cc57b9d0,0x00000005eab00000)
 Metaspace       used 10483K, capacity 10677K, committed 10880K, reserved 1058816K
  class space    used 1044K, capacity 1095K, committed 1152K, reserved 1048576K
}

