# JRE version: Java(TM) SE Runtime Environment (8.0_231-b11) (build 1.8.0_231-b11)
# Java VM: Java HotSpot(TM) 64-Bit Server VM (25.231-b11 mixed mode linux-amd64 compressed oops)
Heap:
 PSYoungGen      total 573952K, used 509852K [0x0000000715580000, 0x000000075b980000, 0x00000007c0000000)
  eden space 515072K, 91% used [0x0000000715580000,0x00000007322c2998,0x0000000734c80000)
  from space 58880K, 63% used [0x0000000734c80000,0x00000007371248f0,0x0000000738600000)
  to   space 60416K, 0% used [0x0000000757e80000,0x0000000757e80000,0x000000075b980000)
 ParOldGen       total 699392K, used 34048K [0x00000005c0000000, 0x00000005eab00000, 0x0000000715580000)
  object space 699392K, 4% used [0x00000005c0000000,0x00000005c2140200,0x00000005eab00000)
 Metaspace       used 10452K, capacity 10677K, committed 10880K, reserved 1058816K
  class space    used 1046K, capacity 1095K, committed 1152K, reserved 1048576K
GC Heap History (10 events):
Event: 2.583 GC heap before
{Heap before GC invocations=6 (full 1):
 PSYoungGen      total 305664K, used 284770K [0x0000000715580000, 0x000000072aa80000, 0x00000007c0000000)
  eden space 262144K, 100% used [0x0000000715580000,0x0000000725580000,0x0000000725580000)
  from space 43520K, 51% used [0x0000000728000000,0x00000007296189f8,0x000000072aa80000)
  to   space 43520K, 0% used [0x0000000725580000,0x0000000725580000,0x0000000728000000)
 ParOldGen       total 699392K, used 3606K [0x00000005c0000000, 0x00000005eab00000, 0x0000000715580000)
  object space 699392K, 0% used [0x00000005c0000000,0x00000005c0385ba8,0x00000005eab00000)
 Metaspace       used 10307K, capacity 10485K, committed 10624K, reserved 1058816K
  class space    used 1041K, capacity 1095K, committed 1152K, reserved 1048576K
Event: 2.588 GC heap after
Heap after GC invocations=6 (full 1):
 PSYoungGen      total 305664K, used 31055K [0x0000000715580000, 0x000000072aa80000, 0x00000007c0000000)
  eden space 262144K, 0% used [0x0000000715580000,0x0000000715580000,0x0000000725580000)
  from space 43520K, 71% used [0x0000000725580000,0x00000007273d3f58,0x0000000728000000)
  to   space 43520K, 0% used [0x0000000728000000,0x0000000728000000,0x000000072aa80000)
 ParOldGen       total 699392K, used 3614K [0x00000005c0000000, 0x00000005eab00000, 0x0000000715580000)
  object space 699392K, 0% used [0x00000005c0000000,0x00000005c0387ba8,0x00000005eab00000)
 Metaspace       used 10307K, capacity 10485K, committed 10624K, reserved 1058816K
  class space    used 1041K, capacity 1095K, committed 1152K, reserved 1048576K
}
Event: 2.875 GC heap before
{Heap before GC invocations=7 (full 1):
 PSYoungGen      total 305664K, used 293199K [0x0000000715580000, 0x000000072aa80000, 0x00000007c0000000)
  eden space 262144K, 100% used [0x0000000715580000,0x0000000725580000,0x0000000725580000)
  from space 43520K, 71% used [0x0000000725580000,0x00000007273d3f58,0x0000000728000000)
  to   space 43520K, 0% used [0x0000000728000000,0x0000000728000000,0x000000072aa80000)
 ParOldGen       total 699392K, used 3630K [0x00000005c0000000, 0x00000005eab00000, 0x0000000715580000)
  object space 699392K, 0% used [0x00000005c0000000,0x00000005c038bbd8,0x00000005eab00000)
 Metaspace       used 10310K, capacity 10485K, committed 10624K, reserved 1058816K
  class space    used 1041K, capacity 1095K, committed 1152K, reserved 1048576K
Event: 2.880 GC heap after
Heap after GC invocations=7 (full 1):
 PSYoungGen      total 302592K, used 38839K [0x0000000715580000, 0x000000073b080000, 0x00000007c0000000)
  eden space 259072K, 0% used [0x0000000715580000,0x0000000715580000,0x0000000725280000)
  from space 43520K, 89% used [0x0000000728000000,0x000000072a5edfe0,0x000000072aa80000)
  to   space 46592K, 0% used [0x0000000725280000,0x0000000725280000,0x0000000728000000)
 ParOldGen       total 699392K, used 3630K [0x00000005c0000000, 0x00000005eab00000, 0x0000000715580000)
  object space 699392K, 0% used [0x00000005c0000000,0x00000005c038bbd8,0x00000005eab00000)
 Metaspace       used 10310K, capacity 10485K, committed 10624K, reserved 1058816K
  class space    used 1041K, capacity 1095K, committed 1152K, reserved 1048576K
}
Event: 3.144 GC heap before
{Heap before GC invocations=8 (full 1):
 PSYoungGen      total 302592K, used 297911K [0x0000000715580000, 0x000000073b080000, 0x00000007c0000000)
  eden space 259072K, 100% used [0x0000000715580000,0x0000000725280000,0x0000000725280000)
  from space 43520K, 89% used [0x0000000728000000,0x000000072a5edfe0,0x000000072aa80000)
  to   space 46592K, 0% used [0x0000000725280000,0x0000000725280000,0x0000000728000000)
 ParOldGen       total 699392K, used 3786K [0x00000005c0000000, 0x00000005eab00000, 0x0000000715580000)
  object space 699392K, 0% used [0x00000005c0000000,0x00000005c03b2938,0x00000005eab00000)
 Metaspace       used 10345K, capacity 10485K, committed 10624K, reserved 1058816K
  class space    used 1041K, capacity 1095K, committed 1152K, reserved 1048576K
Event: 3.150 GC heap after
Heap after GC invocations=8 (full 1):
 PSYoungGen      total 305664K, used 45814K [0x0000000715580000, 0x000000073bc80000, 0x00000007c0000000)
  eden space 259072K, 0% used [0x0000000715580000,0x0000000715580000,0x0000000725280000)
  from space 46592K, 98% used [0x0000000725280000,0x0000000727f3d928,0x0000000728000000)
  to   space 55808K, 0% used [0x0000000738600000,0x0000000738600000,0x000000073bc80000)
 ParOldGen       total 699392K, used 3794K [0x00000005c0000000, 0x00000005eab00000, 0x0000000715580000)
  object space 699392K, 0% used [0x00000005c0000000,0x00000005c03b4938,0x00000005eab00000)
 Metaspace       used 10345K, capacity 10485K, committed 10624K, reserved 1058816K
  class space    used 1041K, capacity 1095K, committed 1152K, reserved 1048576K
}
Event: 3.441 GC heap before
{Heap before GC invocations=9 (full 1):
 PSYoungGen      total 305664K, used 304886K [0x0000000715580000, 0x000000073bc80000, 0x00000007c0000000)
  eden space 259072K, 100% used [0x0000000715580000,0x0000000725280000,0x0000000725280000)
  from space 46592K, 98% used [0x0000000725280000,0x0000000727f3d928,0x0000000728000000)
  to   space 55808K, 0% used [0x0000000738600000,0x0000000738600000,0x000000073bc80000)
 ParOldGen       total 699392K, used 4008K [0x00000005c0000000, 0x00000005eab00000, 0x0000000715580000)
  object space 699392K, 0% used [0x00000005c0000000,0x00000005c03ea288,0x00000005eab00000)
 Metaspace       used 10355K, capacity 10485K, committed 10624K, reserved 1058816K
  class space    used 1041K, capacity 1095K, committed 1152K, reserved 1048576K
Event: 3.450 GC heap after
Heap after GC invocations=9 (full 1):
 PSYoungGen      total 570880K, used 39047K [0x0000000715580000, 0x000000073c280000, 0x00000007c0000000)
  eden space 515072K, 0% used [0x0000000715580000,0x0000000715580000,0x0000000734c80000)
  from space 55808K, 69% used [0x0000000738600000,0x000000073ac21e58,0x000000073bc80000)
  to   space 58880K, 0% used [0x0000000734c80000,0x0000000734c80000,0x0000000738600000)
 ParOldGen       total 699392K, used 18358K [0x00000005c0000000, 0x00000005eab00000, 0x0000000715580000)
  object space 699392K, 2% used [0x00000005c0000000,0x00000005c11eda38,0x00000005eab00000)
 Metaspace       used 10355K, capacity 10485K, committed 10624K, reserved 1058816K
  class space    used 1041K, capacity 1095K, committed 1152K, reserved 1048576K
}
Event: 3.981 GC heap before
{Heap before GC invocations=10 (full 1):
 PSYoungGen      total 570880K, used 554119K [0x0000000715580000, 0x000000073c280000, 0x00000007c0000000)
  eden space 515072K, 100% used [0x0000000715580000,0x0000000734c80000,0x0000000734c80000)
  from space 55808K, 69% used [0x0000000738600000,0x000000073ac21e58,0x000000073bc80000)
  to   space 58880K, 0% used [0x0000000734c80000,0x0000000734c80000,0x0000000738600000)
 ParOldGen       total 699392K, used 18368K [0x00000005c0000000, 0x00000005eab00000, 0x0000000715580000)
  object space 699392K, 2% used [0x00000005c0000000,0x00000005c11f0298,0x00000005eab00000)
 Metaspace       used 10410K, capacity 10549K, committed 10624K, reserved 1058816K
  class space    used 1044K, capacity 1095K, committed 1152K, reserved 1048576K
Event: 3.989 GC heap after
Heap after GC invocations=10 (full 1):
 PSYoungGen      total 573952K, used 37522K [0x0000000715580000, 0x000000075b980000, 0x00000007c0000000)
  eden space 515072K, 0% used [0x0000000715580000,0x0000000715580000,0x0000000734c80000)
  from space 58880K, 63% used [0x0000000734c80000,0x00000007371248f0,0x0000000738600000)
  to   space 60416K, 0% used [0x0000000757e80000,0x0000000757e80000,0x000000075b980000)
 ParOldGen       total 699392K, used 34048K [0x00000005c0000000, 0x00000005eab00000, 0x0000000715580000)
  object space 699392K, 4% used [0x00000005c0000000,0x00000005c2140200,0x00000005eab00000)
 Metaspace       used 10410K, capacity 10549K, committed 10624K, reserved 1058816K
  class space    used 1044K, capacity 1095K, committed 1152K, reserved 1048576K
}

