# JRE version: Java(TM) SE Runtime Environment (8.0_231-b11) (build 1.8.0_231-b11)
# Java VM: Java HotSpot(TM) 64-Bit Server VM (25.231-b11 mixed mode linux-amd64 compressed oops)
Heap:
 PSYoungGen      total 865280K, used 335978K [0x0000000715580000, 0x000000074f680000, 0x00000007c0000000)
  eden space 848896K, 37% used [0x0000000715580000,0x0000000728dea430,0x0000000749280000)
  from space 16384K, 98% used [0x000000074b380000,0x000000074c3306d0,0x000000074c380000)
  to   space 51200K, 0% used [0x000000074c480000,0x000000074c480000,0x000000074f680000)
 ParOldGen       total 699392K, used 203640K [0x00000005c0000000, 0x00000005eab00000, 0x0000000715580000)
  object space 699392K, 29% used [0x00000005c0000000,0x00000005cc6de2d0,0x00000005eab00000)
 Metaspace       used 10534K, capacity 10709K, committed 10880K, reserved 1058816K
  class space    used 1052K, capacity 1127K, committed 1152K, reserved 1048576K
GC Heap History (10 events):
Event: 7.119 GC heap before
{Heap before GC invocations=14 (full 1):
 PSYoungGen      total 771072K, used 770833K [0x0000000715580000, 0x0000000756b80000, 0x00000007c0000000)
  eden space 745984K, 100% used [0x0000000715580000,0x0000000742e00000,0x0000000742e00000)
  from space 25088K, 99% used [0x0000000755300000,0x0000000756b445c0,0x0000000756b80000)
  to   space 58880K, 0% used [0x000000074f880000,0x000000074f880000,0x0000000753200000)
 ParOldGen       total 699392K, used 107706K [0x00000005c0000000, 0x00000005eab00000, 0x0000000715580000)
  object space 699392K, 15% used [0x00000005c0000000,0x00000005c692e838,0x00000005eab00000)
 Metaspace       used 10461K, capacity 10613K, committed 10880K, reserved 1058816K
  class space    used 1043K, capacity 1095K, committed 1152K, reserved 1048576K
Event: 7.127 GC heap after
Heap after GC invocations=14 (full 1):
 PSYoungGen      total 727040K, used 17587K [0x0000000715580000, 0x0000000755380000, 0x00000007c0000000)
  eden space 709120K, 0% used [0x0000000715580000,0x0000000715580000,0x0000000740a00000)
  from space 17920K, 98% used [0x000000074f880000,0x00000007509acfc0,0x0000000750a00000)
  to   space 57344K, 0% used [0x0000000751b80000,0x0000000751b80000,0x0000000755380000)
 ParOldGen       total 699392K, used 131758K [0x00000005c0000000, 0x00000005eab00000, 0x0000000715580000)
  object space 699392K, 18% used [0x00000005c0000000,0x00000005c80ab980,0x00000005eab00000)
 Metaspace       used 10461K, capacity 10613K, committed 10880K, reserved 1058816K
  class space    used 1043K, capacity 1095K, committed 1152K, reserved 1048576K
}
Event: 7.799 GC heap before
{Heap before GC invocations=15 (full 1):
 PSYoungGen      total 727040K, used 726707K [0x0000000715580000, 0x0000000755380000, 0x00000007c0000000)
  eden space 709120K, 100% used [0x0000000715580000,0x0000000740a00000,0x0000000740a00000)
  from space 17920K, 98% used [0x000000074f880000,0x00000007509acfc0,0x0000000750a00000)
  to   space 57344K, 0% used [0x0000000751b80000,0x0000000751b80000,0x0000000755380000)
 ParOldGen       total 699392K, used 131814K [0x00000005c0000000, 0x00000005eab00000, 0x0000000715580000)
  object space 699392K, 18% used [0x00000005c0000000,0x00000005c80b9930,0x00000005eab00000)
 Metaspace       used 10470K, capacity 10677K, committed 10880K, reserved 1058816K
  class space    used 1043K, capacity 1095K, committed 1152K, reserved 1048576K
Event: 7.807 GC heap after
Heap after GC invocations=15 (full 1):
 PSYoungGen      total 693760K, used 19966K [0x0000000715580000, 0x0000000752f00000, 0x00000007c0000000)
  eden space 673792K, 0% used [0x0000000715580000,0x0000000715580000,0x000000073e780000)
  from space 19968K, 99% used [0x0000000751b80000,0x0000000752effb00,0x0000000752f00000)
  to   space 55808K, 0% used [0x000000074c200000,0x000000074c200000,0x000000074f880000)
 ParOldGen       total 699392K, used 148908K [0x00000005c0000000, 0x00000005eab00000, 0x0000000715580000)
  object space 699392K, 21% used [0x00000005c0000000,0x00000005c916b138,0x00000005eab00000)
 Metaspace       used 10470K, capacity 10677K, committed 10880K, reserved 1058816K
  class space    used 1043K, capacity 1095K, committed 1152K, reserved 1048576K
}
Event: 8.448 GC heap before
{Heap before GC invocations=16 (full 1):
 PSYoungGen      total 693760K, used 693758K [0x0000000715580000, 0x0000000752f00000, 0x00000007c0000000)
  eden space 673792K, 100% used [0x0000000715580000,0x000000073e780000,0x000000073e780000)
  from space 19968K, 99% used [0x0000000751b80000,0x0000000752effb00,0x0000000752f00000)
  to   space 55808K, 0% used [0x000000074c200000,0x000000074c200000,0x000000074f880000)
 ParOldGen       total 699392K, used 148908K [0x00000005c0000000, 0x00000005eab00000, 0x0000000715580000)
  object space 699392K, 21% used [0x00000005c0000000,0x00000005c916b138,0x00000005eab00000)
 Metaspace       used 10481K, capacity 10677K, committed 10880K, reserved 1058816K
  class space    used 1045K, capacity 1095K, committed 1152K, reserved 1048576K
Event: 8.456 GC heap after
Heap after GC invocations=16 (full 1):
 PSYoungGen      total 658944K, used 18072K [0x0000000715580000, 0x0000000751c00000, 0x00000007c0000000)
  eden space 640512K, 0% used [0x0000000715580000,0x0000000715580000,0x000000073c700000)
  from space 18432K, 98% used [0x000000074c200000,0x000000074d3a6050,0x000000074d400000)
  to   space 54272K, 0% used [0x000000074e700000,0x000000074e700000,0x0000000751c00000)
 ParOldGen       total 699392K, used 168244K [0x00000005c0000000, 0x00000005eab00000, 0x0000000715580000)
  object space 699392K, 24% used [0x00000005c0000000,0x00000005ca44d338,0x00000005eab00000)
 Metaspace       used 10481K, capacity 10677K, committed 10880K, reserved 1058816K
  class space    used 1045K, capacity 1095K, committed 1152K, reserved 1048576K
}
Event: 9.092 GC heap before
{Heap before GC invocations=17 (full 1):
 PSYoungGen      total 658944K, used 658584K [0x0000000715580000, 0x0000000751c00000, 0x00000007c0000000)
  eden space 640512K, 100% used [0x0000000715580000,0x000000073c700000,0x000000073c700000)
  from space 18432K, 98% used [0x000000074c200000,0x000000074d3a6050,0x000000074d400000)
  to   space 54272K, 0% used [0x000000074e700000,0x000000074e700000,0x0000000751c00000)
 ParOldGen       total 699392K, used 168267K [0x00000005c0000000, 0x00000005eab00000, 0x0000000715580000)
  object space 699392K, 24% used [0x00000005c0000000,0x00000005ca452d00,0x00000005eab00000)
 Metaspace       used 10482K, capacity 10677K, committed 10880K, reserved 1058816K
  class space    used 1045K, capacity 1095K, committed 1152K, reserved 1048576K
Event: 9.099 GC heap after
Heap after GC invocations=17 (full 1):
 PSYoungGen      total 936960K, used 18387K [0x0000000715580000, 0x000000075a580000, 0x00000007c0000000)
  eden space 882688K, 0% used [0x0000000715580000,0x0000000715580000,0x000000074b380000)
  from space 54272K, 33% used [0x000000074e700000,0x000000074f8f4e98,0x0000000751c00000)
  to   space 52736K, 0% used [0x000000074b380000,0x000000074b380000,0x000000074e700000)
 ParOldGen       total 699392K, used 185801K [0x00000005c0000000, 0x00000005eab00000, 0x0000000715580000)
  object space 699392K, 26% used [0x00000005c0000000,0x00000005cb572468,0x00000005eab00000)
 Metaspace       used 10482K, capacity 10677K, committed 10880K, reserved 1058816K
  class space    used 1045K, capacity 1095K, committed 1152K, reserved 1048576K
}
Event: 33.912 GC heap before
{Heap before GC invocations=18 (full 1):
 PSYoungGen      total 936960K, used 901075K [0x0000000715580000, 0x000000075a580000, 0x00000007c0000000)
  eden space 882688K, 100% used [0x0000000715580000,0x000000074b380000,0x000000074b380000)
  from space 54272K, 33% used [0x000000074e700000,0x000000074f8f4e98,0x0000000751c00000)
  to   space 52736K, 0% used [0x000000074b380000,0x000000074b380000,0x000000074e700000)
 ParOldGen       total 699392K, used 185802K [0x00000005c0000000, 0x00000005eab00000, 0x0000000715580000)
  object space 699392K, 26% used [0x00000005c0000000,0x00000005cb572ba8,0x00000005eab00000)
 Metaspace       used 10523K, capacity 10709K, committed 10880K, reserved 1058816K
  class space    used 1052K, capacity 1127K, committed 1152K, reserved 1048576K
Event: 33.919 GC heap after
Heap after GC invocations=18 (full 1):
 PSYoungGen      total 865280K, used 16065K [0x0000000715580000, 0x000000074f680000, 0x00000007c0000000)
  eden space 848896K, 0% used [0x0000000715580000,0x0000000715580000,0x0000000749280000)
  from space 16384K, 98% used [0x000000074b380000,0x000000074c3306d0,0x000000074c380000)
  to   space 51200K, 0% used [0x000000074c480000,0x000000074c480000,0x000000074f680000)
 ParOldGen       total 699392K, used 203640K [0x00000005c0000000, 0x00000005eab00000, 0x0000000715580000)
  object space 699392K, 29% used [0x00000005c0000000,0x00000005cc6de2d0,0x00000005eab00000)
 Metaspace       used 10523K, capacity 10709K, committed 10880K, reserved 1058816K
  class space    used 1052K, capacity 1127K, committed 1152K, reserved 1048576K
}

