# JRE version: Java(TM) SE Runtime Environment (8.0_231-b11) (build 1.8.0_231-b11)
# Java VM: Java HotSpot(TM) 64-Bit Server VM (25.231-b11 mixed mode linux-amd64 compressed oops)
Heap:
 PSYoungGen      total 2112512K, used 455250K [0x0000000715580000, 0x00000007a2880000, 0x00000007c0000000)
  eden space 2103296K, 21% used [0x0000000715580000,0x0000000731214800,0x0000000795b80000)
  from space 9216K, 0% used [0x0000000795b80000,0x0000000795b80000,0x0000000796480000)
  to   space 104960K, 0% used [0x000000079c200000,0x000000079c200000,0x00000007a2880000)
 ParOldGen       total 982528K, used 712193K [0x00000005c0000000, 0x00000005fbf80000, 0x0000000715580000)
  object space 982528K, 72% used [0x00000005c0000000,0x00000005eb780618,0x00000005fbf80000)
 Metaspace       used 11134K, capacity 11361K, committed 11520K, reserved 1058816K
  class space    used 1112K, capacity 1193K, committed 1280K, reserved 1048576K
GC Heap History (10 events):
Event: 10.253 GC heap before
{Heap before GC invocations=49 (full 3):
 PSYoungGen      total 2113536K, used 2113357K [0x0000000715580000, 0x00000007a5580000, 0x00000007c0000000)
  eden space 2103296K, 100% used [0x0000000715580000,0x0000000795b80000,0x0000000795b80000)
  from space 10240K, 98% used [0x0000000795b80000,0x0000000796553530,0x0000000796580000)
  to   space 128000K, 0% used [0x000000079d880000,0x000000079d880000,0x00000007a5580000)
 ParOldGen       total 982528K, used 693880K [0x00000005c0000000, 0x00000005fbf80000, 0x0000000715580000)
  object space 982528K, 70% used [0x00000005c0000000,0x00000005ea59e3e0,0x00000005fbf80000)
 Metaspace       used 11087K, capacity 11201K, committed 11520K, reserved 1058816K
  class space    used 1109K, capacity 1161K, committed 1280K, reserved 1048576K
Event: 10.256 GC heap after
Heap after GC invocations=49 (full 3):
 PSYoungGen      total 2220032K, used 9258K [0x0000000715580000, 0x00000007a4a80000, 0x00000007c0000000)
  eden space 2103296K, 0% used [0x0000000715580000,0x0000000715580000,0x0000000795b80000)
  from space 116736K, 7% used [0x000000079d880000,0x000000079e18ab58,0x00000007a4a80000)
  to   space 122368K, 0% used [0x0000000795b80000,0x0000000795b80000,0x000000079d300000)
 ParOldGen       total 982528K, used 702699K [0x00000005c0000000, 0x00000005fbf80000, 0x0000000715580000)
  object space 982528K, 71% used [0x00000005c0000000,0x00000005eae3af08,0x00000005fbf80000)
 Metaspace       used 11087K, capacity 11201K, committed 11520K, reserved 1058816K
  class space    used 1109K, capacity 1161K, committed 1280K, reserved 1048576K
}
Event: 10.429 GC heap before
{Heap before GC invocations=50 (full 3):
 PSYoungGen      total 2220032K, used 2112554K [0x0000000715580000, 0x00000007a4a80000, 0x00000007c0000000)
  eden space 2103296K, 100% used [0x0000000715580000,0x0000000795b80000,0x0000000795b80000)
  from space 116736K, 7% used [0x000000079d880000,0x000000079e18ab58,0x00000007a4a80000)
  to   space 122368K, 0% used [0x0000000795b80000,0x0000000795b80000,0x000000079d300000)
 ParOldGen       total 982528K, used 702699K [0x00000005c0000000, 0x00000005fbf80000, 0x0000000715580000)
  object space 982528K, 71% used [0x00000005c0000000,0x00000005eae3af08,0x00000005fbf80000)
 Metaspace       used 11087K, capacity 11201K, committed 11520K, reserved 1058816K
  class space    used 1109K, capacity 1161K, committed 1280K, reserved 1048576K
Event: 10.433 GC heap after
Heap after GC invocations=50 (full 3):
 PSYoungGen      total 2113536K, used 9773K [0x0000000715580000, 0x00000007a3e80000, 0x00000007c0000000)
  eden space 2103296K, 0% used [0x0000000715580000,0x0000000715580000,0x0000000795b80000)
  from space 10240K, 95% used [0x0000000795b80000,0x000000079650b460,0x0000000796580000)
  to   space 116224K, 0% used [0x000000079cd00000,0x000000079cd00000,0x00000007a3e80000)
 ParOldGen       total 982528K, used 709182K [0x00000005c0000000, 0x00000005fbf80000, 0x0000000715580000)
  object space 982528K, 72% used [0x00000005c0000000,0x00000005eb48f878,0x00000005fbf80000)
 Metaspace       used 11087K, capacity 11201K, committed 11520K, reserved 1058816K
  class space    used 1109K, capacity 1161K, committed 1280K, reserved 1048576K
}
Event: 10.604 GC heap before
{Heap before GC invocations=51 (full 3):
 PSYoungGen      total 2113536K, used 2113069K [0x0000000715580000, 0x00000007a3e80000, 0x00000007c0000000)
  eden space 2103296K, 100% used [0x0000000715580000,0x0000000795b80000,0x0000000795b80000)
  from space 10240K, 95% used [0x0000000795b80000,0x000000079650b460,0x0000000796580000)
  to   space 116224K, 0% used [0x000000079cd00000,0x000000079cd00000,0x00000007a3e80000)
 ParOldGen       total 982528K, used 709182K [0x00000005c0000000, 0x00000005fbf80000, 0x0000000715580000)
  object space 982528K, 72% used [0x00000005c0000000,0x00000005eb48f878,0x00000005fbf80000)
 Metaspace       used 11087K, capacity 11201K, committed 11520K, reserved 1058816K
  class space    used 1109K, capacity 1161K, committed 1280K, reserved 1048576K
Event: 10.608 GC heap after
Heap after GC invocations=51 (full 3):
 PSYoungGen      total 2208256K, used 9998K [0x0000000715580000, 0x00000007a3380000, 0x00000007c0000000)
  eden space 2103296K, 0% used [0x0000000715580000,0x0000000715580000,0x0000000795b80000)
  from space 104960K, 9% used [0x000000079cd00000,0x000000079d6c3830,0x00000007a3380000)
  to   space 110592K, 0% used [0x0000000795b80000,0x0000000795b80000,0x000000079c780000)
 ParOldGen       total 982528K, used 717097K [0x00000005c0000000, 0x00000005fbf80000, 0x0000000715580000)
  object space 982528K, 72% used [0x00000005c0000000,0x00000005ebc4a768,0x00000005fbf80000)
 Metaspace       used 11087K, capacity 11201K, committed 11520K, reserved 1058816K
  class space    used 1109K, capacity 1161K, committed 1280K, reserved 1048576K
}
Event: 12.528 GC heap before
{Heap before GC invocations=52 (full 3):
 PSYoungGen      total 2208256K, used 1756665K [0x0000000715580000, 0x00000007a3380000, 0x00000007c0000000)
  eden space 2103296K, 83% used [0x0000000715580000,0x000000077ff3ae18,0x0000000795b80000)
  from space 104960K, 9% used [0x000000079cd00000,0x000000079d6c3830,0x00000007a3380000)
  to   space 110592K, 0% used [0x0000000795b80000,0x0000000795b80000,0x000000079c780000)
 ParOldGen       total 982528K, used 717097K [0x00000005c0000000, 0x00000005fbf80000, 0x0000000715580000)
  object space 982528K, 72% used [0x00000005c0000000,0x00000005ebc4a768,0x00000005fbf80000)
 Metaspace       used 11088K, capacity 11201K, committed 11520K, reserved 1058816K
  class space    used 1109K, capacity 1161K, committed 1280K, reserved 1048576K
Event: 12.532 GC heap after
Heap after GC invocations=52 (full 3):
 PSYoungGen      total 2112512K, used 9092K [0x0000000715580000, 0x00000007a2880000, 0x00000007c0000000)
  eden space 2103296K, 0% used [0x0000000715580000,0x0000000715580000,0x0000000795b80000)
  from space 9216K, 98% used [0x0000000795b80000,0x0000000796461260,0x0000000796480000)
  to   space 104960K, 0% used [0x000000079c200000,0x000000079c200000,0x00000007a2880000)
 ParOldGen       total 982528K, used 725589K [0x00000005c0000000, 0x00000005fbf80000, 0x0000000715580000)
  object space 982528K, 73% used [0x00000005c0000000,0x00000005ec4956c0,0x00000005fbf80000)
 Metaspace       used 11088K, capacity 11201K, committed 11520K, reserved 1058816K
  class space    used 1109K, capacity 1161K, committed 1280K, reserved 1048576K
}
Event: 12.532 GC heap before
{Heap before GC invocations=53 (full 4):
 PSYoungGen      total 2112512K, used 9092K [0x0000000715580000, 0x00000007a2880000, 0x00000007c0000000)
  eden space 2103296K, 0% used [0x0000000715580000,0x0000000715580000,0x0000000795b80000)
  from space 9216K, 98% used [0x0000000795b80000,0x0000000796461260,0x0000000796480000)
  to   space 104960K, 0% used [0x000000079c200000,0x000000079c200000,0x00000007a2880000)
 ParOldGen       total 982528K, used 725589K [0x00000005c0000000, 0x00000005fbf80000, 0x0000000715580000)
  object space 982528K, 73% used [0x00000005c0000000,0x00000005ec4956c0,0x00000005fbf80000)
 Metaspace       used 11088K, capacity 11201K, committed 11520K, reserved 1058816K
  class space    used 1109K, capacity 1161K, committed 1280K, reserved 1048576K
Event: 12.717 GC heap after
Heap after GC invocations=53 (full 4):
 PSYoungGen      total 2112512K, used 0K [0x0000000715580000, 0x00000007a2880000, 0x00000007c0000000)
  eden space 2103296K, 0% used [0x0000000715580000,0x0000000715580000,0x0000000795b80000)
  from space 9216K, 0% used [0x0000000795b80000,0x0000000795b80000,0x0000000796480000)
  to   space 104960K, 0% used [0x000000079c200000,0x000000079c200000,0x00000007a2880000)
 ParOldGen       total 982528K, used 712193K [0x00000005c0000000, 0x00000005fbf80000, 0x0000000715580000)
  object space 982528K, 72% used [0x00000005c0000000,0x00000005eb780618,0x00000005fbf80000)
 Metaspace       used 11088K, capacity 11201K, committed 11520K, reserved 1058816K
  class space    used 1109K, capacity 1161K, committed 1280K, reserved 1048576K
}

