# JRE version: Java(TM) SE Runtime Environment (8.0_231-b11) (build 1.8.0_231-b11)
# Java VM: Java HotSpot(TM) 64-Bit Server VM (25.231-b11 mixed mode linux-amd64 compressed oops)
Heap:
 PSYoungGen      total 567808K, used 13607K [0x0000000715580000, 0x000000073aa80000, 0x00000007c0000000)
  eden space 524288K, 2% used [0x0000000715580000,0x00000007162c9c18,0x0000000735580000)
  from space 43520K, 0% used [0x0000000738000000,0x0000000738000000,0x000000073aa80000)
  to   space 43520K, 0% used [0x0000000735580000,0x0000000735580000,0x0000000738000000)
 ParOldGen       total 699392K, used 40693K [0x00000005c0000000, 0x00000005eab00000, 0x0000000715580000)
  object space 699392K, 5% used [0x00000005c0000000,0x00000005c27bd708,0x00000005eab00000)
 Metaspace       used 10971K, capacity 11137K, committed 11264K, reserved 1058816K
  class space    used 1115K, capacity 1161K, committed 1280K, reserved 1048576K
GC Heap History (10 events):
Event: 1.227 GC heap before
{Heap before GC invocations=2 (full 1):
 PSYoungGen      total 305664K, used 3280K [0x0000000715580000, 0x000000072aa80000, 0x00000007c0000000)
  eden space 262144K, 0% used [0x0000000715580000,0x0000000715580000,0x0000000725580000)
  from space 43520K, 7% used [0x0000000725580000,0x00000007258b4068,0x0000000728000000)
  to   space 43520K, 0% used [0x0000000728000000,0x0000000728000000,0x000000072aa80000)
 ParOldGen       total 699392K, used 16K [0x00000005c0000000, 0x00000005eab00000, 0x0000000715580000)
  object space 699392K, 0% used [0x00000005c0000000,0x00000005c0004000,0x00000005eab00000)
 Metaspace       used 10435K, capacity 10645K, committed 10880K, reserved 1058816K
  class space    used 1060K, capacity 1127K, committed 1152K, reserved 1048576K
Event: 1.238 GC heap after
Heap after GC invocations=2 (full 1):
 PSYoungGen      total 305664K, used 0K [0x0000000715580000, 0x000000072aa80000, 0x00000007c0000000)
  eden space 262144K, 0% used [0x0000000715580000,0x0000000715580000,0x0000000725580000)
  from space 43520K, 0% used [0x0000000725580000,0x0000000725580000,0x0000000728000000)
  to   space 43520K, 0% used [0x0000000728000000,0x0000000728000000,0x000000072aa80000)
 ParOldGen       total 699392K, used 3024K [0x00000005c0000000, 0x00000005eab00000, 0x0000000715580000)
  object space 699392K, 0% used [0x00000005c0000000,0x00000005c02f41f0,0x00000005eab00000)
 Metaspace       used 10435K, capacity 10645K, committed 10880K, reserved 1058816K
  class space    used 1060K, capacity 1127K, committed 1152K, reserved 1048576K
}
Event: 1.737 GC heap before
{Heap before GC invocations=3 (full 1):
 PSYoungGen      total 305664K, used 262144K [0x0000000715580000, 0x000000072aa80000, 0x00000007c0000000)
  eden space 262144K, 100% used [0x0000000715580000,0x0000000725580000,0x0000000725580000)
  from space 43520K, 0% used [0x0000000725580000,0x0000000725580000,0x0000000728000000)
  to   space 43520K, 0% used [0x0000000728000000,0x0000000728000000,0x000000072aa80000)
 ParOldGen       total 699392K, used 3024K [0x00000005c0000000, 0x00000005eab00000, 0x0000000715580000)
  object space 699392K, 0% used [0x00000005c0000000,0x00000005c02f41f0,0x00000005eab00000)
 Metaspace       used 10938K, capacity 11137K, committed 11264K, reserved 1058816K
  class space    used 1112K, capacity 1161K, committed 1280K, reserved 1048576K
Event: 1.740 GC heap after
Heap after GC invocations=3 (full 1):
 PSYoungGen      total 305664K, used 17033K [0x0000000715580000, 0x000000072aa80000, 0x00000007c0000000)
  eden space 262144K, 0% used [0x0000000715580000,0x0000000715580000,0x0000000725580000)
  from space 43520K, 39% used [0x0000000728000000,0x00000007290a2720,0x000000072aa80000)
  to   space 43520K, 0% used [0x0000000725580000,0x0000000725580000,0x0000000728000000)
 ParOldGen       total 699392K, used 3032K [0x00000005c0000000, 0x00000005eab00000, 0x0000000715580000)
  object space 699392K, 0% used [0x00000005c0000000,0x00000005c02f61f0,0x00000005eab00000)
 Metaspace       used 10938K, capacity 11137K, committed 11264K, reserved 1058816K
  class space    used 1112K, capacity 1161K, committed 1280K, reserved 1048576K
}
Event: 1.808 GC heap before
{Heap before GC invocations=4 (full 1):
 PSYoungGen      total 305664K, used 279177K [0x0000000715580000, 0x000000072aa80000, 0x00000007c0000000)
  eden space 262144K, 100% used [0x0000000715580000,0x0000000725580000,0x0000000725580000)
  from space 43520K, 39% used [0x0000000728000000,0x00000007290a2720,0x000000072aa80000)
  to   space 43520K, 0% used [0x0000000725580000,0x0000000725580000,0x0000000728000000)
 ParOldGen       total 699392K, used 3032K [0x00000005c0000000, 0x00000005eab00000, 0x0000000715580000)
  object space 699392K, 0% used [0x00000005c0000000,0x00000005c02f61f0,0x00000005eab00000)
 Metaspace       used 10958K, capacity 11137K, committed 11264K, reserved 1058816K
  class space    used 1112K, capacity 1161K, committed 1280K, reserved 1048576K
Event: 1.813 GC heap after
Heap after GC invocations=4 (full 1):
 PSYoungGen      total 305664K, used 33155K [0x0000000715580000, 0x000000073aa80000, 0x00000007c0000000)
  eden space 262144K, 0% used [0x0000000715580000,0x0000000715580000,0x0000000725580000)
  from space 43520K, 76% used [0x0000000725580000,0x00000007275e0dd0,0x0000000728000000)
  to   space 43520K, 0% used [0x0000000738000000,0x0000000738000000,0x000000073aa80000)
 ParOldGen       total 699392K, used 3040K [0x00000005c0000000, 0x00000005eab00000, 0x0000000715580000)
  object space 699392K, 0% used [0x00000005c0000000,0x00000005c02f81f0,0x00000005eab00000)
 Metaspace       used 10958K, capacity 11137K, committed 11264K, reserved 1058816K
  class space    used 1112K, capacity 1161K, committed 1280K, reserved 1048576K
}
Event: 1.841 GC heap before
{Heap before GC invocations=5 (full 1):
 PSYoungGen      total 305664K, used 241316K [0x0000000715580000, 0x000000073aa80000, 0x00000007c0000000)
  eden space 262144K, 79% used [0x0000000715580000,0x00000007220c8258,0x0000000725580000)
  from space 43520K, 76% used [0x0000000725580000,0x00000007275e0dd0,0x0000000728000000)
  to   space 43520K, 0% used [0x0000000738000000,0x0000000738000000,0x000000073aa80000)
 ParOldGen       total 699392K, used 3040K [0x00000005c0000000, 0x00000005eab00000, 0x0000000715580000)
  object space 699392K, 0% used [0x00000005c0000000,0x00000005c02f81f0,0x00000005eab00000)
 Metaspace       used 10971K, capacity 11137K, committed 11264K, reserved 1058816K
  class space    used 1115K, capacity 1161K, committed 1280K, reserved 1048576K
Event: 1.846 GC heap after
Heap after GC invocations=5 (full 1):
 PSYoungGen      total 567808K, used 39156K [0x0000000715580000, 0x000000073aa80000, 0x00000007c0000000)
  eden space 524288K, 0% used [0x0000000715580000,0x0000000715580000,0x0000000735580000)
  from space 43520K, 89% used [0x0000000738000000,0x000000073a63d350,0x000000073aa80000)
  to   space 43520K, 0% used [0x0000000735580000,0x0000000735580000,0x0000000738000000)
 ParOldGen       total 699392K, used 3048K [0x00000005c0000000, 0x00000005eab00000, 0x0000000715580000)
  object space 699392K, 0% used [0x00000005c0000000,0x00000005c02fa1f0,0x00000005eab00000)
 Metaspace       used 10971K, capacity 11137K, committed 11264K, reserved 1058816K
  class space    used 1115K, capacity 1161K, committed 1280K, reserved 1048576K
}
Event: 1.846 GC heap before
{Heap before GC invocations=6 (full 2):
 PSYoungGen      total 567808K, used 39156K [0x0000000715580000, 0x000000073aa80000, 0x00000007c0000000)
  eden space 524288K, 0% used [0x0000000715580000,0x0000000715580000,0x0000000735580000)
  from space 43520K, 89% used [0x0000000738000000,0x000000073a63d350,0x000000073aa80000)
  to   space 43520K, 0% used [0x0000000735580000,0x0000000735580000,0x0000000738000000)
 ParOldGen       total 699392K, used 3048K [0x00000005c0000000, 0x00000005eab00000, 0x0000000715580000)
  object space 699392K, 0% used [0x00000005c0000000,0x00000005c02fa1f0,0x00000005eab00000)
 Metaspace       used 10971K, capacity 11137K, committed 11264K, reserved 1058816K
  class space    used 1115K, capacity 1161K, committed 1280K, reserved 1048576K
Event: 1.869 GC heap after
Heap after GC invocations=6 (full 2):
 PSYoungGen      total 567808K, used 0K [0x0000000715580000, 0x000000073aa80000, 0x00000007c0000000)
  eden space 524288K, 0% used [0x0000000715580000,0x0000000715580000,0x0000000735580000)
  from space 43520K, 0% used [0x0000000738000000,0x0000000738000000,0x000000073aa80000)
  to   space 43520K, 0% used [0x0000000735580000,0x0000000735580000,0x0000000738000000)
 ParOldGen       total 699392K, used 40693K [0x00000005c0000000, 0x00000005eab00000, 0x0000000715580000)
  object space 699392K, 5% used [0x00000005c0000000,0x00000005c27bd708,0x00000005eab00000)
 Metaspace       used 10971K, capacity 11137K, committed 11264K, reserved 1058816K
  class space    used 1115K, capacity 1161K, committed 1280K, reserved 1048576K
}

