# JRE version: Java(TM) SE Runtime Environment (8.0_231-b11) (build 1.8.0_231-b11)
# Java VM: Java HotSpot(TM) 64-Bit Server VM (25.231-b11 mixed mode linux-amd64 compressed oops)
Heap:
 PSYoungGen      total 875008K, used 364018K [0x0000000715580000, 0x000000074f780000, 0x00000007c0000000)
  eden space 852992K, 40% used [0x0000000715580000,0x000000072a3eac20,0x0000000749680000)
  from space 22016K, 98% used [0x000000074b780000,0x000000074cc91ee0,0x000000074cd00000)
  to   space 43520K, 0% used [0x000000074cd00000,0x000000074cd00000,0x000000074f780000)
 ParOldGen       total 699392K, used 198466K [0x00000005c0000000, 0x00000005eab00000, 0x0000000715580000)
  object space 699392K, 28% used [0x00000005c0000000,0x00000005cc1d0928,0x00000005eab00000)
 Metaspace       used 10528K, capacity 10709K, committed 10880K, reserved 1058816K
  class space    used 1052K, capacity 1127K, committed 1152K, reserved 1048576K
GC Heap History (10 events):
Event: 6.924 GC heap before
{Heap before GC invocations=14 (full 1):
 PSYoungGen      total 772608K, used 772412K [0x0000000715580000, 0x0000000756d00000, 0x00000007c0000000)
  eden space 747520K, 100% used [0x0000000715580000,0x0000000742f80000,0x0000000742f80000)
  from space 25088K, 99% used [0x0000000755480000,0x0000000756ccf3e8,0x0000000756d00000)
  to   space 57856K, 0% used [0x000000074fc00000,0x000000074fc00000,0x0000000753480000)
 ParOldGen       total 699392K, used 105478K [0x00000005c0000000, 0x00000005eab00000, 0x0000000715580000)
  object space 699392K, 15% used [0x00000005c0000000,0x00000005c6701ba0,0x00000005eab00000)
 Metaspace       used 10473K, capacity 10677K, committed 10880K, reserved 1058816K
  class space    used 1043K, capacity 1095K, committed 1152K, reserved 1048576K
Event: 6.933 GC heap after
Heap after GC invocations=14 (full 1):
 PSYoungGen      total 727552K, used 16618K [0x0000000715580000, 0x0000000755500000, 0x00000007c0000000)
  eden space 710656K, 0% used [0x0000000715580000,0x0000000715580000,0x0000000740b80000)
  from space 16896K, 98% used [0x000000074fc00000,0x0000000750c3ab60,0x0000000750c80000)
  to   space 56832K, 0% used [0x0000000751d80000,0x0000000751d80000,0x0000000755500000)
 ParOldGen       total 699392K, used 129622K [0x00000005c0000000, 0x00000005eab00000, 0x0000000715580000)
  object space 699392K, 18% used [0x00000005c0000000,0x00000005c7e958d8,0x00000005eab00000)
 Metaspace       used 10473K, capacity 10677K, committed 10880K, reserved 1058816K
  class space    used 1043K, capacity 1095K, committed 1152K, reserved 1048576K
}
Event: 7.482 GC heap before
{Heap before GC invocations=15 (full 1):
 PSYoungGen      total 727552K, used 727274K [0x0000000715580000, 0x0000000755500000, 0x00000007c0000000)
  eden space 710656K, 100% used [0x0000000715580000,0x0000000740b80000,0x0000000740b80000)
  from space 16896K, 98% used [0x000000074fc00000,0x0000000750c3ab60,0x0000000750c80000)
  to   space 56832K, 0% used [0x0000000751d80000,0x0000000751d80000,0x0000000755500000)
 ParOldGen       total 699392K, used 129622K [0x00000005c0000000, 0x00000005eab00000, 0x0000000715580000)
  object space 699392K, 18% used [0x00000005c0000000,0x00000005c7e958d8,0x00000005eab00000)
 Metaspace       used 10473K, capacity 10677K, committed 10880K, reserved 1058816K
  class space    used 1043K, capacity 1095K, committed 1152K, reserved 1048576K
Event: 7.489 GC heap after
Heap after GC invocations=15 (full 1):
 PSYoungGen      total 691712K, used 16087K [0x0000000715580000, 0x0000000752d80000, 0x00000007c0000000)
  eden space 675328K, 0% used [0x0000000715580000,0x0000000715580000,0x000000073e900000)
  from space 16384K, 98% used [0x0000000751d80000,0x0000000752d35e58,0x0000000752d80000)
  to   space 55296K, 0% used [0x000000074c180000,0x000000074c180000,0x000000074f780000)
 ParOldGen       total 699392K, used 145813K [0x00000005c0000000, 0x00000005eab00000, 0x0000000715580000)
  object space 699392K, 20% used [0x00000005c0000000,0x00000005c8e65450,0x00000005eab00000)
 Metaspace       used 10473K, capacity 10677K, committed 10880K, reserved 1058816K
  class space    used 1043K, capacity 1095K, committed 1152K, reserved 1048576K
}
Event: 8.185 GC heap before
{Heap before GC invocations=16 (full 1):
 PSYoungGen      total 691712K, used 691415K [0x0000000715580000, 0x0000000752d80000, 0x00000007c0000000)
  eden space 675328K, 100% used [0x0000000715580000,0x000000073e900000,0x000000073e900000)
  from space 16384K, 98% used [0x0000000751d80000,0x0000000752d35e58,0x0000000752d80000)
  to   space 55296K, 0% used [0x000000074c180000,0x000000074c180000,0x000000074f780000)
 ParOldGen       total 699392K, used 145813K [0x00000005c0000000, 0x00000005eab00000, 0x0000000715580000)
  object space 699392K, 20% used [0x00000005c0000000,0x00000005c8e65450,0x00000005eab00000)
 Metaspace       used 10483K, capacity 10677K, committed 10880K, reserved 1058816K
  class space    used 1045K, capacity 1095K, committed 1152K, reserved 1048576K
Event: 8.190 GC heap after
Heap after GC invocations=16 (full 1):
 PSYoungGen      total 663040K, used 20532K [0x0000000715580000, 0x0000000751e00000, 0x00000007c0000000)
  eden space 642048K, 0% used [0x0000000715580000,0x0000000715580000,0x000000073c880000)
  from space 20992K, 97% used [0x000000074c180000,0x000000074d58d158,0x000000074d600000)
  to   space 53248K, 0% used [0x000000074ea00000,0x000000074ea00000,0x0000000751e00000)
 ParOldGen       total 699392K, used 161382K [0x00000005c0000000, 0x00000005eab00000, 0x0000000715580000)
  object space 699392K, 23% used [0x00000005c0000000,0x00000005c9d99800,0x00000005eab00000)
 Metaspace       used 10483K, capacity 10677K, committed 10880K, reserved 1058816K
  class space    used 1045K, capacity 1095K, committed 1152K, reserved 1048576K
}
Event: 8.804 GC heap before
{Heap before GC invocations=17 (full 1):
 PSYoungGen      total 663040K, used 662580K [0x0000000715580000, 0x0000000751e00000, 0x00000007c0000000)
  eden space 642048K, 100% used [0x0000000715580000,0x000000073c880000,0x000000073c880000)
  from space 20992K, 97% used [0x000000074c180000,0x000000074d58d158,0x000000074d600000)
  to   space 53248K, 0% used [0x000000074ea00000,0x000000074ea00000,0x0000000751e00000)
 ParOldGen       total 699392K, used 161382K [0x00000005c0000000, 0x00000005eab00000, 0x0000000715580000)
  object space 699392K, 23% used [0x00000005c0000000,0x00000005c9d99800,0x00000005eab00000)
 Metaspace       used 10483K, capacity 10677K, committed 10880K, reserved 1058816K
  class space    used 1045K, capacity 1095K, committed 1152K, reserved 1048576K
Event: 8.810 GC heap after
Heap after GC invocations=17 (full 1):
 PSYoungGen      total 940032K, used 17743K [0x0000000715580000, 0x000000075a600000, 0x00000007c0000000)
  eden space 886784K, 0% used [0x0000000715580000,0x0000000715580000,0x000000074b780000)
  from space 53248K, 33% used [0x000000074ea00000,0x000000074fb53c58,0x0000000751e00000)
  to   space 51712K, 0% used [0x000000074b780000,0x000000074b780000,0x000000074ea00000)
 ParOldGen       total 699392K, used 181242K [0x00000005c0000000, 0x00000005eab00000, 0x0000000715580000)
  object space 699392K, 25% used [0x00000005c0000000,0x00000005cb0fe9c0,0x00000005eab00000)
 Metaspace       used 10483K, capacity 10677K, committed 10880K, reserved 1058816K
  class space    used 1045K, capacity 1095K, committed 1152K, reserved 1048576K
}
Event: 9.706 GC heap before
{Heap before GC invocations=18 (full 1):
 PSYoungGen      total 940032K, used 904527K [0x0000000715580000, 0x000000075a600000, 0x00000007c0000000)
  eden space 886784K, 100% used [0x0000000715580000,0x000000074b780000,0x000000074b780000)
  from space 53248K, 33% used [0x000000074ea00000,0x000000074fb53c58,0x0000000751e00000)
  to   space 51712K, 0% used [0x000000074b780000,0x000000074b780000,0x000000074ea00000)
 ParOldGen       total 699392K, used 181242K [0x00000005c0000000, 0x00000005eab00000, 0x0000000715580000)
  object space 699392K, 25% used [0x00000005c0000000,0x00000005cb0fe9c0,0x00000005eab00000)
 Metaspace       used 10495K, capacity 10677K, committed 10880K, reserved 1058816K
  class space    used 1046K, capacity 1095K, committed 1152K, reserved 1048576K
Event: 9.713 GC heap after
Heap after GC invocations=18 (full 1):
 PSYoungGen      total 875008K, used 21575K [0x0000000715580000, 0x000000074f780000, 0x00000007c0000000)
  eden space 852992K, 0% used [0x0000000715580000,0x0000000715580000,0x0000000749680000)
  from space 22016K, 98% used [0x000000074b780000,0x000000074cc91ee0,0x000000074cd00000)
  to   space 43520K, 0% used [0x000000074cd00000,0x000000074cd00000,0x000000074f780000)
 ParOldGen       total 699392K, used 198466K [0x00000005c0000000, 0x00000005eab00000, 0x0000000715580000)
  object space 699392K, 28% used [0x00000005c0000000,0x00000005cc1d0928,0x00000005eab00000)
 Metaspace       used 10495K, capacity 10677K, committed 10880K, reserved 1058816K
  class space    used 1046K, capacity 1095K, committed 1152K, reserved 1048576K
}

