# JRE version: Java(TM) SE Runtime Environment (8.0_231-b11) (build 1.8.0_231-b11)
# Java VM: Java HotSpot(TM) 64-Bit Server VM (25.231-b11 mixed mode linux-amd64 compressed oops)
Heap:
 PSYoungGen      total 305664K, used 274309K [0x0000000715580000, 0x000000073b680000, 0x00000007c0000000)
  eden space 232960K, 94% used [0x0000000715580000,0x0000000722bb2448,0x0000000723900000)
  from space 72704K, 75% used [0x0000000723900000,0x0000000726eaf028,0x0000000728000000)
  to   space 78848K, 0% used [0x0000000736980000,0x0000000736980000,0x000000073b680000)
 ParOldGen       total 699392K, used 21084K [0x00000005c0000000, 0x00000005eab00000, 0x0000000715580000)
  object space 699392K, 3% used [0x00000005c0000000,0x00000005c14971d0,0x00000005eab00000)
 Metaspace       used 10551K, capacity 10773K, committed 10880K, reserved 1058816K
  class space    used 1050K, capacity 1127K, committed 1152K, reserved 1048576K
GC Heap History (10 events):
Event: 3.880 GC heap before
{Heap before GC invocations=4 (full 1):
 PSYoungGen      total 305664K, used 274641K [0x0000000715580000, 0x000000072aa80000, 0x00000007c0000000)
  eden space 262144K, 100% used [0x0000000715580000,0x0000000725580000,0x0000000725580000)
  from space 43520K, 28% used [0x0000000728000000,0x0000000728c346e0,0x000000072aa80000)
  to   space 43520K, 0% used [0x0000000725580000,0x0000000725580000,0x0000000728000000)
 ParOldGen       total 699392K, used 2831K [0x00000005c0000000, 0x00000005eab00000, 0x0000000715580000)
  object space 699392K, 0% used [0x00000005c0000000,0x00000005c02c3e20,0x00000005eab00000)
 Metaspace       used 10431K, capacity 10613K, committed 10880K, reserved 1058816K
  class space    used 1047K, capacity 1095K, committed 1152K, reserved 1048576K
Event: 3.886 GC heap after
Heap after GC invocations=4 (full 1):
 PSYoungGen      total 305664K, used 26444K [0x0000000715580000, 0x000000072aa80000, 0x00000007c0000000)
  eden space 262144K, 0% used [0x0000000715580000,0x0000000715580000,0x0000000725580000)
  from space 43520K, 60% used [0x0000000725580000,0x0000000726f53138,0x0000000728000000)
  to   space 43520K, 0% used [0x0000000728000000,0x0000000728000000,0x000000072aa80000)
 ParOldGen       total 699392K, used 2839K [0x00000005c0000000, 0x00000005eab00000, 0x0000000715580000)
  object space 699392K, 0% used [0x00000005c0000000,0x00000005c02c5e20,0x00000005eab00000)
 Metaspace       used 10431K, capacity 10613K, committed 10880K, reserved 1058816K
  class space    used 1047K, capacity 1095K, committed 1152K, reserved 1048576K
}
Event: 6.307 GC heap before
{Heap before GC invocations=5 (full 1):
 PSYoungGen      total 305664K, used 288588K [0x0000000715580000, 0x000000072aa80000, 0x00000007c0000000)
  eden space 262144K, 100% used [0x0000000715580000,0x0000000725580000,0x0000000725580000)
  from space 43520K, 60% used [0x0000000725580000,0x0000000726f53138,0x0000000728000000)
  to   space 43520K, 0% used [0x0000000728000000,0x0000000728000000,0x000000072aa80000)
 ParOldGen       total 699392K, used 2839K [0x00000005c0000000, 0x00000005eab00000, 0x0000000715580000)
  object space 699392K, 0% used [0x00000005c0000000,0x00000005c02c5e20,0x00000005eab00000)
 Metaspace       used 10464K, capacity 10645K, committed 10880K, reserved 1058816K
  class space    used 1047K, capacity 1127K, committed 1152K, reserved 1048576K
Event: 6.316 GC heap after
Heap after GC invocations=5 (full 1):
 PSYoungGen      total 305664K, used 37756K [0x0000000715580000, 0x000000072aa80000, 0x00000007c0000000)
  eden space 262144K, 0% used [0x0000000715580000,0x0000000715580000,0x0000000725580000)
  from space 43520K, 86% used [0x0000000728000000,0x000000072a4df3b8,0x000000072aa80000)
  to   space 43520K, 0% used [0x0000000725580000,0x0000000725580000,0x0000000728000000)
 ParOldGen       total 699392K, used 2847K [0x00000005c0000000, 0x00000005eab00000, 0x0000000715580000)
  object space 699392K, 0% used [0x00000005c0000000,0x00000005c02c7e20,0x00000005eab00000)
 Metaspace       used 10464K, capacity 10645K, committed 10880K, reserved 1058816K
  class space    used 1047K, capacity 1127K, committed 1152K, reserved 1048576K
}
Event: 6.814 GC heap before
{Heap before GC invocations=6 (full 1):
 PSYoungGen      total 305664K, used 299900K [0x0000000715580000, 0x000000072aa80000, 0x00000007c0000000)
  eden space 262144K, 100% used [0x0000000715580000,0x0000000725580000,0x0000000725580000)
  from space 43520K, 86% used [0x0000000728000000,0x000000072a4df3b8,0x000000072aa80000)
  to   space 43520K, 0% used [0x0000000725580000,0x0000000725580000,0x0000000728000000)
 ParOldGen       total 699392K, used 2847K [0x00000005c0000000, 0x00000005eab00000, 0x0000000715580000)
  object space 699392K, 0% used [0x00000005c0000000,0x00000005c02c7e20,0x00000005eab00000)
 Metaspace       used 10464K, capacity 10645K, committed 10880K, reserved 1058816K
  class space    used 1047K, capacity 1127K, committed 1152K, reserved 1048576K
Event: 6.821 GC heap after
Heap after GC invocations=6 (full 1):
 PSYoungGen      total 305664K, used 43507K [0x0000000715580000, 0x000000072aa80000, 0x00000007c0000000)
  eden space 262144K, 0% used [0x0000000715580000,0x0000000715580000,0x0000000725580000)
  from space 43520K, 99% used [0x0000000725580000,0x0000000727ffcde8,0x0000000728000000)
  to   space 43520K, 0% used [0x0000000728000000,0x0000000728000000,0x000000072aa80000)
 ParOldGen       total 699392K, used 8142K [0x00000005c0000000, 0x00000005eab00000, 0x0000000715580000)
  object space 699392K, 1% used [0x00000005c0000000,0x00000005c07f3950,0x00000005eab00000)
 Metaspace       used 10464K, capacity 10645K, committed 10880K, reserved 1058816K
  class space    used 1047K, capacity 1127K, committed 1152K, reserved 1048576K
}
Event: 7.332 GC heap before
{Heap before GC invocations=7 (full 1):
 PSYoungGen      total 305664K, used 305651K [0x0000000715580000, 0x000000072aa80000, 0x00000007c0000000)
  eden space 262144K, 100% used [0x0000000715580000,0x0000000725580000,0x0000000725580000)
  from space 43520K, 99% used [0x0000000725580000,0x0000000727ffcde8,0x0000000728000000)
  to   space 43520K, 0% used [0x0000000728000000,0x0000000728000000,0x000000072aa80000)
 ParOldGen       total 699392K, used 8142K [0x00000005c0000000, 0x00000005eab00000, 0x0000000715580000)
  object space 699392K, 1% used [0x00000005c0000000,0x00000005c07f3950,0x00000005eab00000)
 Metaspace       used 10477K, capacity 10645K, committed 10880K, reserved 1058816K
  class space    used 1047K, capacity 1127K, committed 1152K, reserved 1048576K
Event: 7.340 GC heap after
Heap after GC invocations=7 (full 1):
 PSYoungGen      total 276480K, used 43517K [0x0000000715580000, 0x000000072dd80000, 0x00000007c0000000)
  eden space 232960K, 0% used [0x0000000715580000,0x0000000715580000,0x0000000723900000)
  from space 43520K, 99% used [0x0000000728000000,0x000000072aa7f6b8,0x000000072aa80000)
  to   space 72704K, 0% used [0x0000000723900000,0x0000000723900000,0x0000000728000000)
 ParOldGen       total 699392K, used 21076K [0x00000005c0000000, 0x00000005eab00000, 0x0000000715580000)
  object space 699392K, 3% used [0x00000005c0000000,0x00000005c14951d0,0x00000005eab00000)
 Metaspace       used 10477K, capacity 10645K, committed 10880K, reserved 1058816K
  class space    used 1047K, capacity 1127K, committed 1152K, reserved 1048576K
}
Event: 7.782 GC heap before
{Heap before GC invocations=8 (full 1):
 PSYoungGen      total 276480K, used 276477K [0x0000000715580000, 0x000000072dd80000, 0x00000007c0000000)
  eden space 232960K, 100% used [0x0000000715580000,0x0000000723900000,0x0000000723900000)
  from space 43520K, 99% used [0x0000000728000000,0x000000072aa7f6b8,0x000000072aa80000)
  to   space 72704K, 0% used [0x0000000723900000,0x0000000723900000,0x0000000728000000)
 ParOldGen       total 699392K, used 21076K [0x00000005c0000000, 0x00000005eab00000, 0x0000000715580000)
  object space 699392K, 3% used [0x00000005c0000000,0x00000005c14951d0,0x00000005eab00000)
 Metaspace       used 10477K, capacity 10645K, committed 10880K, reserved 1058816K
  class space    used 1047K, capacity 1127K, committed 1152K, reserved 1048576K
Event: 7.789 GC heap after
Heap after GC invocations=8 (full 1):
 PSYoungGen      total 305664K, used 54972K [0x0000000715580000, 0x000000073b680000, 0x00000007c0000000)
  eden space 232960K, 0% used [0x0000000715580000,0x0000000715580000,0x0000000723900000)
  from space 72704K, 75% used [0x0000000723900000,0x0000000726eaf028,0x0000000728000000)
  to   space 78848K, 0% used [0x0000000736980000,0x0000000736980000,0x000000073b680000)
 ParOldGen       total 699392K, used 21084K [0x00000005c0000000, 0x00000005eab00000, 0x0000000715580000)
  object space 699392K, 3% used [0x00000005c0000000,0x00000005c14971d0,0x00000005eab00000)
 Metaspace       used 10477K, capacity 10645K, committed 10880K, reserved 1058816K
  class space    used 1047K, capacity 1127K, committed 1152K, reserved 1048576K
}

