# JRE version: Java(TM) SE Runtime Environment (8.0_231-b11) (build 1.8.0_231-b11)
# Java VM: Java HotSpot(TM) 64-Bit Server VM (25.231-b11 mixed mode linux-amd64 compressed oops)
Heap:
 PSYoungGen      total 866304K, used 117743K [0x0000000715580000, 0x000000074f500000, 0x00000007c0000000)
  eden space 847360K, 11% used [0x0000000715580000,0x000000071b615ce8,0x0000000749100000)
  from space 18944K, 99% used [0x000000074b200000,0x000000074c4662d0,0x000000074c480000)
  to   space 49664K, 0% used [0x000000074c480000,0x000000074c480000,0x000000074f500000)
 ParOldGen       total 699392K, used 201221K [0x00000005c0000000, 0x00000005eab00000, 0x0000000715580000)
  object space 699392K, 28% used [0x00000005c0000000,0x00000005cc481788,0x00000005eab00000)
 Metaspace       used 17358K, capacity 17505K, committed 17792K, reserved 1064960K
  class space    used 1518K, capacity 1579K, committed 1664K, reserved 1048576K
GC Heap History (10 events):
Event: 7.558 GC heap before
{Heap before GC invocations=14 (full 1):
 PSYoungGen      total 769536K, used 769369K [0x0000000715580000, 0x0000000756a00000, 0x00000007c0000000)
  eden space 744448K, 100% used [0x0000000715580000,0x0000000742c80000,0x0000000742c80000)
  from space 25088K, 99% used [0x0000000755180000,0x00000007569d66e8,0x0000000756a00000)
  to   space 58368K, 0% used [0x000000074f800000,0x000000074f800000,0x0000000753100000)
 ParOldGen       total 699392K, used 107538K [0x00000005c0000000, 0x00000005eab00000, 0x0000000715580000)
  object space 699392K, 15% used [0x00000005c0000000,0x00000005c6904ab8,0x00000005eab00000)
 Metaspace       used 10456K, capacity 10613K, committed 10880K, reserved 1058816K
  class space    used 1044K, capacity 1095K, committed 1152K, reserved 1048576K
Event: 7.566 GC heap after
Heap after GC invocations=14 (full 1):
 PSYoungGen      total 725504K, used 17878K [0x0000000715580000, 0x0000000755200000, 0x00000007c0000000)
  eden space 707584K, 0% used [0x0000000715580000,0x0000000715580000,0x0000000740880000)
  from space 17920K, 99% used [0x000000074f800000,0x0000000750975830,0x0000000750980000)
  to   space 57344K, 0% used [0x0000000751a00000,0x0000000751a00000,0x0000000755200000)
 ParOldGen       total 699392K, used 131666K [0x00000005c0000000, 0x00000005eab00000, 0x0000000715580000)
  object space 699392K, 18% used [0x00000005c0000000,0x00000005c8094a88,0x00000005eab00000)
 Metaspace       used 10456K, capacity 10613K, committed 10880K, reserved 1058816K
  class space    used 1044K, capacity 1095K, committed 1152K, reserved 1048576K
}
Event: 8.254 GC heap before
{Heap before GC invocations=15 (full 1):
 PSYoungGen      total 725504K, used 725462K [0x0000000715580000, 0x0000000755200000, 0x00000007c0000000)
  eden space 707584K, 100% used [0x0000000715580000,0x0000000740880000,0x0000000740880000)
  from space 17920K, 99% used [0x000000074f800000,0x0000000750975830,0x0000000750980000)
  to   space 57344K, 0% used [0x0000000751a00000,0x0000000751a00000,0x0000000755200000)
 ParOldGen       total 699392K, used 131679K [0x00000005c0000000, 0x00000005eab00000, 0x0000000715580000)
  object space 699392K, 18% used [0x00000005c0000000,0x00000005c8097ee8,0x00000005eab00000)
 Metaspace       used 10456K, capacity 10613K, committed 10880K, reserved 1058816K
  class space    used 1044K, capacity 1095K, committed 1152K, reserved 1048576K
Event: 8.261 GC heap after
Heap after GC invocations=15 (full 1):
 PSYoungGen      total 691712K, used 19370K [0x0000000715580000, 0x0000000752d00000, 0x00000007c0000000)
  eden space 672256K, 0% used [0x0000000715580000,0x0000000715580000,0x000000073e600000)
  from space 19456K, 99% used [0x0000000751a00000,0x0000000752ceaba0,0x0000000752d00000)
  to   space 55808K, 0% used [0x000000074c000000,0x000000074c000000,0x000000074f680000)
 ParOldGen       total 699392K, used 149001K [0x00000005c0000000, 0x00000005eab00000, 0x0000000715580000)
  object space 699392K, 21% used [0x00000005c0000000,0x00000005c9182780,0x00000005eab00000)
 Metaspace       used 10456K, capacity 10613K, committed 10880K, reserved 1058816K
  class space    used 1044K, capacity 1095K, committed 1152K, reserved 1048576K
}
Event: 8.928 GC heap before
{Heap before GC invocations=16 (full 1):
 PSYoungGen      total 691712K, used 691626K [0x0000000715580000, 0x0000000752d00000, 0x00000007c0000000)
  eden space 672256K, 100% used [0x0000000715580000,0x000000073e600000,0x000000073e600000)
  from space 19456K, 99% used [0x0000000751a00000,0x0000000752ceaba0,0x0000000752d00000)
  to   space 55808K, 0% used [0x000000074c000000,0x000000074c000000,0x000000074f680000)
 ParOldGen       total 699392K, used 149267K [0x00000005c0000000, 0x00000005eab00000, 0x0000000715580000)
  object space 699392K, 21% used [0x00000005c0000000,0x00000005c91c4f00,0x00000005eab00000)
 Metaspace       used 10456K, capacity 10613K, committed 10880K, reserved 1058816K
  class space    used 1044K, capacity 1095K, committed 1152K, reserved 1048576K
Event: 8.934 GC heap after
Heap after GC invocations=16 (full 1):
 PSYoungGen      total 657408K, used 17978K [0x0000000715580000, 0x0000000751a80000, 0x00000007c0000000)
  eden space 638976K, 0% used [0x0000000715580000,0x0000000715580000,0x000000073c580000)
  from space 18432K, 97% used [0x000000074c000000,0x000000074d18e988,0x000000074d200000)
  to   space 54272K, 0% used [0x000000074e580000,0x000000074e580000,0x0000000751a80000)
 ParOldGen       total 699392K, used 167980K [0x00000005c0000000, 0x00000005eab00000, 0x0000000715580000)
  object space 699392K, 24% used [0x00000005c0000000,0x00000005ca40b300,0x00000005eab00000)
 Metaspace       used 10456K, capacity 10613K, committed 10880K, reserved 1058816K
  class space    used 1044K, capacity 1095K, committed 1152K, reserved 1048576K
}
Event: 9.535 GC heap before
{Heap before GC invocations=17 (full 1):
 PSYoungGen      total 657408K, used 656954K [0x0000000715580000, 0x0000000751a80000, 0x00000007c0000000)
  eden space 638976K, 100% used [0x0000000715580000,0x000000073c580000,0x000000073c580000)
  from space 18432K, 97% used [0x000000074c000000,0x000000074d18e988,0x000000074d200000)
  to   space 54272K, 0% used [0x000000074e580000,0x000000074e580000,0x0000000751a80000)
 ParOldGen       total 699392K, used 167980K [0x00000005c0000000, 0x00000005eab00000, 0x0000000715580000)
  object space 699392K, 24% used [0x00000005c0000000,0x00000005ca40b300,0x00000005eab00000)
 Metaspace       used 10457K, capacity 10613K, committed 10880K, reserved 1058816K
  class space    used 1044K, capacity 1095K, committed 1152K, reserved 1048576K
Event: 9.541 GC heap after
Heap after GC invocations=17 (full 1):
 PSYoungGen      total 935424K, used 16577K [0x0000000715580000, 0x000000075a300000, 0x00000007c0000000)
  eden space 881152K, 0% used [0x0000000715580000,0x0000000715580000,0x000000074b200000)
  from space 54272K, 30% used [0x000000074e580000,0x000000074f5b0428,0x0000000751a80000)
  to   space 52736K, 0% used [0x000000074b200000,0x000000074b200000,0x000000074e580000)
 ParOldGen       total 699392K, used 185264K [0x00000005c0000000, 0x00000005eab00000, 0x0000000715580000)
  object space 699392K, 26% used [0x00000005c0000000,0x00000005cb4ec218,0x00000005eab00000)
 Metaspace       used 10457K, capacity 10613K, committed 10880K, reserved 1058816K
  class space    used 1044K, capacity 1095K, committed 1152K, reserved 1048576K
}
Event: 20.947 GC heap before
{Heap before GC invocations=18 (full 1):
 PSYoungGen      total 935424K, used 897729K [0x0000000715580000, 0x000000075a300000, 0x00000007c0000000)
  eden space 881152K, 100% used [0x0000000715580000,0x000000074b200000,0x000000074b200000)
  from space 54272K, 30% used [0x000000074e580000,0x000000074f5b0428,0x0000000751a80000)
  to   space 52736K, 0% used [0x000000074b200000,0x000000074b200000,0x000000074e580000)
 ParOldGen       total 699392K, used 185264K [0x00000005c0000000, 0x00000005eab00000, 0x0000000715580000)
  object space 699392K, 26% used [0x00000005c0000000,0x00000005cb4ec218,0x00000005eab00000)
 Metaspace       used 17267K, capacity 17493K, committed 17792K, reserved 1064960K
  class space    used 1509K, capacity 1577K, committed 1664K, reserved 1048576K
Event: 20.955 GC heap after
Heap after GC invocations=18 (full 1):
 PSYoungGen      total 866304K, used 18840K [0x0000000715580000, 0x000000074f500000, 0x00000007c0000000)
  eden space 847360K, 0% used [0x0000000715580000,0x0000000715580000,0x0000000749100000)
  from space 18944K, 99% used [0x000000074b200000,0x000000074c4662d0,0x000000074c480000)
  to   space 49664K, 0% used [0x000000074c480000,0x000000074c480000,0x000000074f500000)
 ParOldGen       total 699392K, used 201221K [0x00000005c0000000, 0x00000005eab00000, 0x0000000715580000)
  object space 699392K, 28% used [0x00000005c0000000,0x00000005cc481788,0x00000005eab00000)
 Metaspace       used 17267K, capacity 17493K, committed 17792K, reserved 1064960K
  class space    used 1509K, capacity 1577K, committed 1664K, reserved 1048576K
}

