# JRE version: Java(TM) SE Runtime Environment (8.0_231-b11) (build 1.8.0_231-b11)
# Java VM: Java HotSpot(TM) 64-Bit Server VM (25.231-b11 mixed mode linux-amd64 compressed oops)
Heap:
 PSYoungGen      total 2775040K, used 241145K [0x0000000715580000, 0x00000007bfe00000, 0x00000007c0000000)
  eden space 2755584K, 8% used [0x0000000715580000,0x00000007237c4800,0x00000007bd880000)
  from space 19456K, 48% used [0x00000007beb00000,0x00000007bf439ce8,0x00000007bfe00000)
  to   space 18944K, 0% used [0x00000007bd880000,0x00000007bd880000,0x00000007beb00000)
 ParOldGen       total 699392K, used 228725K [0x00000005c0000000, 0x00000005eab00000, 0x0000000715580000)
  object space 699392K, 32% used [0x00000005c0000000,0x00000005cdf5d4d0,0x00000005eab00000)
 Metaspace       used 10855K, capacity 11105K, committed 11264K, reserved 1058816K
  class space    used 1092K, capacity 1193K, committed 1280K, reserved 1048576K
GC Heap History (10 events):
Event: 8.924 GC heap before
{Heap before GC invocations=39 (full 1):
 PSYoungGen      total 2768384K, used 2752646K [0x0000000715580000, 0x00000007bfe00000, 0x00000007c0000000)
  eden space 2743808K, 100% used [0x0000000715580000,0x00000007bcd00000,0x00000007bcd00000)
  from space 24576K, 35% used [0x00000007bcd00000,0x00000007bd5a19b0,0x00000007be500000)
  to   space 23552K, 0% used [0x00000007be700000,0x00000007be700000,0x00000007bfe00000)
 ParOldGen       total 699392K, used 215901K [0x00000005c0000000, 0x00000005eab00000, 0x0000000715580000)
  object space 699392K, 30% used [0x00000005c0000000,0x00000005cd2d7508,0x00000005eab00000)
 Metaspace       used 10846K, capacity 11105K, committed 11264K, reserved 1058816K
  class space    used 1090K, capacity 1193K, committed 1280K, reserved 1048576K
Event: 8.926 GC heap after
Heap after GC invocations=39 (full 1):
 PSYoungGen      total 2770432K, used 7771K [0x0000000715580000, 0x00000007bfd00000, 0x00000007c0000000)
  eden space 2747904K, 0% used [0x0000000715580000,0x0000000715580000,0x00000007bd100000)
  from space 22528K, 34% used [0x00000007be700000,0x00000007bee96e88,0x00000007bfd00000)
  to   space 22528K, 0% used [0x00000007bd100000,0x00000007bd100000,0x00000007be700000)
 ParOldGen       total 699392K, used 218303K [0x00000005c0000000, 0x00000005eab00000, 0x0000000715580000)
  object space 699392K, 31% used [0x00000005c0000000,0x00000005cd52fe60,0x00000005eab00000)
 Metaspace       used 10846K, capacity 11105K, committed 11264K, reserved 1058816K
  class space    used 1090K, capacity 1193K, committed 1280K, reserved 1048576K
}
Event: 9.105 GC heap before
{Heap before GC invocations=40 (full 1):
 PSYoungGen      total 2770432K, used 2755675K [0x0000000715580000, 0x00000007bfd00000, 0x00000007c0000000)
  eden space 2747904K, 100% used [0x0000000715580000,0x00000007bd100000,0x00000007bd100000)
  from space 22528K, 34% used [0x00000007be700000,0x00000007bee96e88,0x00000007bfd00000)
  to   space 22528K, 0% used [0x00000007bd100000,0x00000007bd100000,0x00000007be700000)
 ParOldGen       total 699392K, used 218303K [0x00000005c0000000, 0x00000005eab00000, 0x0000000715580000)
  object space 699392K, 31% used [0x00000005c0000000,0x00000005cd52fe60,0x00000005eab00000)
 Metaspace       used 10846K, capacity 11105K, committed 11264K, reserved 1058816K
  class space    used 1090K, capacity 1193K, committed 1280K, reserved 1048576K
Event: 9.107 GC heap after
Heap after GC invocations=40 (full 1):
 PSYoungGen      total 2770432K, used 10137K [0x0000000715580000, 0x00000007bfe00000, 0x00000007c0000000)
  eden space 2747904K, 0% used [0x0000000715580000,0x0000000715580000,0x00000007bd100000)
  from space 22528K, 44% used [0x00000007bd100000,0x00000007bdae65e0,0x00000007be700000)
  to   space 21504K, 0% used [0x00000007be900000,0x00000007be900000,0x00000007bfe00000)
 ParOldGen       total 699392K, used 219885K [0x00000005c0000000, 0x00000005eab00000, 0x0000000715580000)
  object space 699392K, 31% used [0x00000005c0000000,0x00000005cd6bb4c8,0x00000005eab00000)
 Metaspace       used 10846K, capacity 11105K, committed 11264K, reserved 1058816K
  class space    used 1090K, capacity 1193K, committed 1280K, reserved 1048576K
}
Event: 9.289 GC heap before
{Heap before GC invocations=41 (full 1):
 PSYoungGen      total 2770432K, used 2758041K [0x0000000715580000, 0x00000007bfe00000, 0x00000007c0000000)
  eden space 2747904K, 100% used [0x0000000715580000,0x00000007bd100000,0x00000007bd100000)
  from space 22528K, 44% used [0x00000007bd100000,0x00000007bdae65e0,0x00000007be700000)
  to   space 21504K, 0% used [0x00000007be900000,0x00000007be900000,0x00000007bfe00000)
 ParOldGen       total 699392K, used 219885K [0x00000005c0000000, 0x00000005eab00000, 0x0000000715580000)
  object space 699392K, 31% used [0x00000005c0000000,0x00000005cd6bb4c8,0x00000005eab00000)
 Metaspace       used 10846K, capacity 11105K, committed 11264K, reserved 1058816K
  class space    used 1090K, capacity 1193K, committed 1280K, reserved 1048576K
Event: 9.292 GC heap after
Heap after GC invocations=41 (full 1):
 PSYoungGen      total 2772480K, used 8673K [0x0000000715580000, 0x00000007bfd00000, 0x00000007c0000000)
  eden space 2752000K, 0% used [0x0000000715580000,0x0000000715580000,0x00000007bd500000)
  from space 20480K, 42% used [0x00000007be900000,0x00000007bf178630,0x00000007bfd00000)
  to   space 20480K, 0% used [0x00000007bd500000,0x00000007bd500000,0x00000007be900000)
 ParOldGen       total 699392K, used 223873K [0x00000005c0000000, 0x00000005eab00000, 0x0000000715580000)
  object space 699392K, 32% used [0x00000005c0000000,0x00000005cdaa0640,0x00000005eab00000)
 Metaspace       used 10846K, capacity 11105K, committed 11264K, reserved 1058816K
  class space    used 1090K, capacity 1193K, committed 1280K, reserved 1048576K
}
Event: 9.471 GC heap before
{Heap before GC invocations=42 (full 1):
 PSYoungGen      total 2772480K, used 2760673K [0x0000000715580000, 0x00000007bfd00000, 0x00000007c0000000)
  eden space 2752000K, 100% used [0x0000000715580000,0x00000007bd500000,0x00000007bd500000)
  from space 20480K, 42% used [0x00000007be900000,0x00000007bf178630,0x00000007bfd00000)
  to   space 20480K, 0% used [0x00000007bd500000,0x00000007bd500000,0x00000007be900000)
 ParOldGen       total 699392K, used 223873K [0x00000005c0000000, 0x00000005eab00000, 0x0000000715580000)
  object space 699392K, 32% used [0x00000005c0000000,0x00000005cdaa0640,0x00000005eab00000)
 Metaspace       used 10846K, capacity 11105K, committed 11264K, reserved 1058816K
  class space    used 1090K, capacity 1193K, committed 1280K, reserved 1048576K
Event: 9.473 GC heap after
Heap after GC invocations=42 (full 1):
 PSYoungGen      total 2772480K, used 9082K [0x0000000715580000, 0x00000007bfe00000, 0x00000007c0000000)
  eden space 2752000K, 0% used [0x0000000715580000,0x0000000715580000,0x00000007bd500000)
  from space 20480K, 44% used [0x00000007bd500000,0x00000007bdddeb58,0x00000007be900000)
  to   space 19456K, 0% used [0x00000007beb00000,0x00000007beb00000,0x00000007bfe00000)
 ParOldGen       total 699392K, used 226158K [0x00000005c0000000, 0x00000005eab00000, 0x0000000715580000)
  object space 699392K, 32% used [0x00000005c0000000,0x00000005cdcdba70,0x00000005eab00000)
 Metaspace       used 10846K, capacity 11105K, committed 11264K, reserved 1058816K
  class space    used 1090K, capacity 1193K, committed 1280K, reserved 1048576K
}
Event: 9.653 GC heap before
{Heap before GC invocations=43 (full 1):
 PSYoungGen      total 2772480K, used 2761082K [0x0000000715580000, 0x00000007bfe00000, 0x00000007c0000000)
  eden space 2752000K, 100% used [0x0000000715580000,0x00000007bd500000,0x00000007bd500000)
  from space 20480K, 44% used [0x00000007bd500000,0x00000007bdddeb58,0x00000007be900000)
  to   space 19456K, 0% used [0x00000007beb00000,0x00000007beb00000,0x00000007bfe00000)
 ParOldGen       total 699392K, used 226158K [0x00000005c0000000, 0x00000005eab00000, 0x0000000715580000)
  object space 699392K, 32% used [0x00000005c0000000,0x00000005cdcdba70,0x00000005eab00000)
 Metaspace       used 10846K, capacity 11105K, committed 11264K, reserved 1058816K
  class space    used 1090K, capacity 1193K, committed 1280K, reserved 1048576K
Event: 9.655 GC heap after
Heap after GC invocations=43 (full 1):
 PSYoungGen      total 2775040K, used 9447K [0x0000000715580000, 0x00000007bfe00000, 0x00000007c0000000)
  eden space 2755584K, 0% used [0x0000000715580000,0x0000000715580000,0x00000007bd880000)
  from space 19456K, 48% used [0x00000007beb00000,0x00000007bf439ce8,0x00000007bfe00000)
  to   space 18944K, 0% used [0x00000007bd880000,0x00000007bd880000,0x00000007beb00000)
 ParOldGen       total 699392K, used 228725K [0x00000005c0000000, 0x00000005eab00000, 0x0000000715580000)
  object space 699392K, 32% used [0x00000005c0000000,0x00000005cdf5d4d0,0x00000005eab00000)
 Metaspace       used 10846K, capacity 11105K, committed 11264K, reserved 1058816K
  class space    used 1090K, capacity 1193K, committed 1280K, reserved 1048576K
}

